Analysis & Synthesis report for Encoder_velocidad
Sat Jun 06 13:22:20 2026
Quartus II 64-Bit Version 13.0.1 Build 232 06/12/2013 Service Pack 1 SJ Web Edition


---------------------
; Table of Contents ;
---------------------
  1. Legal Notice
  2. Analysis & Synthesis Summary
  3. Analysis & Synthesis Settings
  4. Parallel Compilation
  5. Analysis & Synthesis Source Files Read
  6. Analysis & Synthesis Resource Usage Summary
  7. Analysis & Synthesis Resource Utilization by Entity
  8. State Machine - |Encoder_Completo|decoder_quadratura:FSM|state
  9. Registers Removed During Synthesis
 10. General Register Statistics
 11. Multiplexer Restructuring Statistics (Restructuring Performed)
 12. Parameter Settings for User Entity Instance: contador_uni:CONTADOR_POS
 13. Parameter Settings for User Entity Instance: Diferenciador:DIF|contador_uni:TIMER
 14. Parameter Settings for User Entity Instance: Diferenciador:DIF|REGISTER_N_BITS:REG_POS_ANT
 15. Parameter Settings for User Entity Instance: Diferenciador:DIF|Sub_Adder:RESTADOR
 16. Parameter Settings for User Entity Instance: Diferenciador:DIF|REGISTER_N_BITS:REG_DELTA
 17. Parameter Settings for Inferred Entity Instance: DeltaP_a_RPM:RPM_CALC|lpm_divide:Div0
 18. Port Connectivity Checks: "Diferenciador:DIF|Sub_Adder:RESTADOR"
 19. Port Connectivity Checks: "Diferenciador:DIF|contador_uni:TIMER"
 20. Port Connectivity Checks: "contador_uni:CONTADOR_POS"
 21. Port Connectivity Checks: "Flip_Flop_D_RE:FF_B2"
 22. Port Connectivity Checks: "Flip_Flop_D_RE:FF_B1"
 23. Port Connectivity Checks: "Flip_Flop_D_RE:FF_A2"
 24. Port Connectivity Checks: "Flip_Flop_D_RE:FF_A1"
 25. Elapsed Time Per Partition
 26. Analysis & Synthesis Messages



----------------
; Legal Notice ;
----------------
Copyright (C) 1991-2013 Altera Corporation
Your use of Altera Corporation's design tools, logic functions 
and other software and tools, and its AMPP partner logic 
functions, and any output files from any of the foregoing 
(including device programming or simulation files), and any 
associated documentation or information are expressly subject 
to the terms and conditions of the Altera Program License 
Subscription Agreement, Altera MegaCore Function License 
Agreement, or other applicable license agreement, including, 
without limitation, that your use is for the sole purpose of 
programming logic devices manufactured by Altera and sold by 
Altera or its authorized distributors.  Please refer to the 
applicable agreement for further details.



+--------------------------------------------------------------------------------------+
; Analysis & Synthesis Summary                                                         ;
+------------------------------------+-------------------------------------------------+
; Analysis & Synthesis Status        ; Successful - Sat Jun 06 13:22:20 2026           ;
; Quartus II 64-Bit Version          ; 13.0.1 Build 232 06/12/2013 SP 1 SJ Web Edition ;
; Revision Name                      ; Encoder_velocidad                               ;
; Top-level Entity Name              ; Encoder_Completo                                ;
; Family                             ; Cyclone III                                     ;
; Total logic elements               ; 671                                             ;
;     Total combinational functions  ; 636                                             ;
;     Dedicated logic registers      ; 136                                             ;
; Total registers                    ; 136                                             ;
; Total pins                         ; 53                                              ;
; Total virtual pins                 ; 0                                               ;
; Total memory bits                  ; 0                                               ;
; Embedded Multiplier 9-bit elements ; 0                                               ;
; Total PLLs                         ; 0                                               ;
+------------------------------------+-------------------------------------------------+


+----------------------------------------------------------------------------------------------------------------------+
; Analysis & Synthesis Settings                                                                                        ;
+----------------------------------------------------------------------------+--------------------+--------------------+
; Option                                                                     ; Setting            ; Default Value      ;
+----------------------------------------------------------------------------+--------------------+--------------------+
; Device                                                                     ; EP3C16F484C6       ;                    ;
; Top-level entity name                                                      ; Encoder_Completo   ; Encoder_velocidad  ;
; Family name                                                                ; Cyclone III        ; Cyclone IV GX      ;
; Use smart compilation                                                      ; Off                ; Off                ;
; Enable parallel Assembler and TimeQuest Timing Analyzer during compilation ; On                 ; On                 ;
; Enable compact report table                                                ; Off                ; Off                ;
; Restructure Multiplexers                                                   ; Auto               ; Auto               ;
; Create Debugging Nodes for IP Cores                                        ; Off                ; Off                ;
; Preserve fewer node names                                                  ; On                 ; On                 ;
; Disable OpenCore Plus hardware evaluation                                  ; Off                ; Off                ;
; Verilog Version                                                            ; Verilog_2001       ; Verilog_2001       ;
; VHDL Version                                                               ; VHDL_1993          ; VHDL_1993          ;
; State Machine Processing                                                   ; Auto               ; Auto               ;
; Safe State Machine                                                         ; Off                ; Off                ;
; Extract Verilog State Machines                                             ; On                 ; On                 ;
; Extract VHDL State Machines                                                ; On                 ; On                 ;
; Ignore Verilog initial constructs                                          ; Off                ; Off                ;
; Iteration limit for constant Verilog loops                                 ; 5000               ; 5000               ;
; Iteration limit for non-constant Verilog loops                             ; 250                ; 250                ;
; Add Pass-Through Logic to Inferred RAMs                                    ; On                 ; On                 ;
; Infer RAMs from Raw Logic                                                  ; On                 ; On                 ;
; Parallel Synthesis                                                         ; On                 ; On                 ;
; DSP Block Balancing                                                        ; Auto               ; Auto               ;
; NOT Gate Push-Back                                                         ; On                 ; On                 ;
; Power-Up Don't Care                                                        ; On                 ; On                 ;
; Remove Redundant Logic Cells                                               ; Off                ; Off                ;
; Remove Duplicate Registers                                                 ; On                 ; On                 ;
; Ignore CARRY Buffers                                                       ; Off                ; Off                ;
; Ignore CASCADE Buffers                                                     ; Off                ; Off                ;
; Ignore GLOBAL Buffers                                                      ; Off                ; Off                ;
; Ignore ROW GLOBAL Buffers                                                  ; Off                ; Off                ;
; Ignore LCELL Buffers                                                       ; Off                ; Off                ;
; Ignore SOFT Buffers                                                        ; On                 ; On                 ;
; Limit AHDL Integers to 32 Bits                                             ; Off                ; Off                ;
; Optimization Technique                                                     ; Balanced           ; Balanced           ;
; Carry Chain Length                                                         ; 70                 ; 70                 ;
; Auto Carry Chains                                                          ; On                 ; On                 ;
; Auto Open-Drain Pins                                                       ; On                 ; On                 ;
; Perform WYSIWYG Primitive Resynthesis                                      ; Off                ; Off                ;
; Auto ROM Replacement                                                       ; On                 ; On                 ;
; Auto RAM Replacement                                                       ; On                 ; On                 ;
; Auto DSP Block Replacement                                                 ; On                 ; On                 ;
; Auto Shift Register Replacement                                            ; Auto               ; Auto               ;
; Allow Shift Register Merging across Hierarchies                            ; Auto               ; Auto               ;
; Auto Clock Enable Replacement                                              ; On                 ; On                 ;
; Strict RAM Replacement                                                     ; Off                ; Off                ;
; Allow Synchronous Control Signals                                          ; On                 ; On                 ;
; Force Use of Synchronous Clear Signals                                     ; Off                ; Off                ;
; Auto RAM Block Balancing                                                   ; On                 ; On                 ;
; Auto RAM to Logic Cell Conversion                                          ; Off                ; Off                ;
; Auto Resource Sharing                                                      ; Off                ; Off                ;
; Allow Any RAM Size For Recognition                                         ; Off                ; Off                ;
; Allow Any ROM Size For Recognition                                         ; Off                ; Off                ;
; Allow Any Shift Register Size For Recognition                              ; Off                ; Off                ;
; Use LogicLock Constraints during Resource Balancing                        ; On                 ; On                 ;
; Ignore translate_off and synthesis_off directives                          ; Off                ; Off                ;
; Timing-Driven Synthesis                                                    ; On                 ; On                 ;
; Report Parameter Settings                                                  ; On                 ; On                 ;
; Report Source Assignments                                                  ; On                 ; On                 ;
; Report Connectivity Checks                                                 ; On                 ; On                 ;
; Ignore Maximum Fan-Out Assignments                                         ; Off                ; Off                ;
; Synchronization Register Chain Length                                      ; 2                  ; 2                  ;
; PowerPlay Power Optimization                                               ; Normal compilation ; Normal compilation ;
; HDL message level                                                          ; Level2             ; Level2             ;
; Suppress Register Optimization Related Messages                            ; Off                ; Off                ;
; Number of Removed Registers Reported in Synthesis Report                   ; 5000               ; 5000               ;
; Number of Swept Nodes Reported in Synthesis Report                         ; 5000               ; 5000               ;
; Number of Inverted Registers Reported in Synthesis Report                  ; 100                ; 100                ;
; Clock MUX Protection                                                       ; On                 ; On                 ;
; Auto Gated Clock Conversion                                                ; Off                ; Off                ;
; Block Design Naming                                                        ; Auto               ; Auto               ;
; SDC constraint protection                                                  ; Off                ; Off                ;
; Synthesis Effort                                                           ; Auto               ; Auto               ;
; Shift Register Replacement - Allow Asynchronous Clear Signal               ; On                 ; On                 ;
; Pre-Mapping Resynthesis Optimization                                       ; Off                ; Off                ;
; Analysis & Synthesis Message Level                                         ; Medium             ; Medium             ;
; Disable Register Merging Across Hierarchies                                ; Auto               ; Auto               ;
; Resource Aware Inference For Block RAM                                     ; On                 ; On                 ;
; Synthesis Seed                                                             ; 1                  ; 1                  ;
+----------------------------------------------------------------------------+--------------------+--------------------+


Parallel compilation was disabled, but you have multiple processors available. Enable parallel compilation to reduce compilation time.
+-------------------------------------+
; Parallel Compilation                ;
+----------------------------+--------+
; Processors                 ; Number ;
+----------------------------+--------+
; Number detected on machine ; 12     ;
; Maximum allowed            ; 1      ;
+----------------------------+--------+


+-----------------------------------------------------------------------------------------------------------------------------------------------------------------------------------------------+
; Analysis & Synthesis Source Files Read                                                                                                                                                        ;
+----------------------------------+-----------------+------------------------------+-------------------------------------------------------------------------------------------------+---------+
; File Name with User-Entered Path ; Used in Netlist ; File Type                    ; File Name with Absolute Path                                                                    ; Library ;
+----------------------------------+-----------------+------------------------------+-------------------------------------------------------------------------------------------------+---------+
; Flip_Flop_D_RE.vhd               ; yes             ; User VHDL File               ; C:/Users/jleon/Downloads/DIGICORE-X_v2/DIGICORE-X_v2/Pruebas_encoder/Flip_Flop_D_RE.vhd         ;         ;
; contador_uni.vhd                 ; yes             ; User VHDL File               ; C:/Users/jleon/Downloads/DIGICORE-X_v2/DIGICORE-X_v2/Pruebas_encoder/contador_uni.vhd           ;         ;
; decoder_quadratura.vhd           ; yes             ; User VHDL File               ; C:/Users/jleon/Downloads/DIGICORE-X_v2/DIGICORE-X_v2/Pruebas_encoder/decoder_quadratura.vhd     ;         ;
; REGISTER_N_BITS.vhd              ; yes             ; User VHDL File               ; C:/Users/jleon/Downloads/DIGICORE-X_v2/DIGICORE-X_v2/Pruebas_encoder/REGISTER_N_BITS.vhd        ;         ;
; FullAdder.vhd                    ; yes             ; User VHDL File               ; C:/Users/jleon/Downloads/DIGICORE-X_v2/DIGICORE-X_v2/Pruebas_encoder/FullAdder.vhd              ;         ;
; Sub_Adder.vhd                    ; yes             ; User VHDL File               ; C:/Users/jleon/Downloads/DIGICORE-X_v2/DIGICORE-X_v2/Pruebas_encoder/Sub_Adder.vhd              ;         ;
; Diferenciador.vhd                ; yes             ; User VHDL File               ; C:/Users/jleon/Downloads/DIGICORE-X_v2/DIGICORE-X_v2/Pruebas_encoder/Diferenciador.vhd          ;         ;
; Encoder_Completo.vhd             ; yes             ; User VHDL File               ; C:/Users/jleon/Downloads/DIGICORE-X_v2/DIGICORE-X_v2/Pruebas_encoder/Encoder_Completo.vhd       ;         ;
; DeltaP_a_RPM.vhd                 ; yes             ; User VHDL File               ; C:/Users/jleon/Downloads/DIGICORE-X_v2/DIGICORE-X_v2/Pruebas_encoder/DeltaP_a_RPM.vhd           ;         ;
; lpm_divide.tdf                   ; yes             ; Megafunction                 ; u:/quartus/altera/quartus/libraries/megafunctions/lpm_divide.tdf                                ;         ;
; abs_divider.inc                  ; yes             ; Megafunction                 ; u:/quartus/altera/quartus/libraries/megafunctions/abs_divider.inc                               ;         ;
; sign_div_unsign.inc              ; yes             ; Megafunction                 ; u:/quartus/altera/quartus/libraries/megafunctions/sign_div_unsign.inc                           ;         ;
; aglobal130.inc                   ; yes             ; Megafunction                 ; u:/quartus/altera/quartus/libraries/megafunctions/aglobal130.inc                                ;         ;
; db/lpm_divide_phm.tdf            ; yes             ; Auto-Generated Megafunction  ; C:/Users/jleon/Downloads/DIGICORE-X_v2/DIGICORE-X_v2/Pruebas_encoder/db/lpm_divide_phm.tdf      ;         ;
; db/sign_div_unsign_qlh.tdf       ; yes             ; Auto-Generated Megafunction  ; C:/Users/jleon/Downloads/DIGICORE-X_v2/DIGICORE-X_v2/Pruebas_encoder/db/sign_div_unsign_qlh.tdf ;         ;
; db/alt_u_div_v5f.tdf             ; yes             ; Auto-Generated Megafunction  ; C:/Users/jleon/Downloads/DIGICORE-X_v2/DIGICORE-X_v2/Pruebas_encoder/db/alt_u_div_v5f.tdf       ;         ;
; db/add_sub_unc.tdf               ; yes             ; Auto-Generated Megafunction  ; C:/Users/jleon/Downloads/DIGICORE-X_v2/DIGICORE-X_v2/Pruebas_encoder/db/add_sub_unc.tdf         ;         ;
; db/add_sub_vnc.tdf               ; yes             ; Auto-Generated Megafunction  ; C:/Users/jleon/Downloads/DIGICORE-X_v2/DIGICORE-X_v2/Pruebas_encoder/db/add_sub_vnc.tdf         ;         ;
+----------------------------------+-----------------+------------------------------+-------------------------------------------------------------------------------------------------+---------+


+---------------------------------------------------------+
; Analysis & Synthesis Resource Usage Summary             ;
+---------------------------------------------+-----------+
; Resource                                    ; Usage     ;
+---------------------------------------------+-----------+
; Estimated Total logic elements              ; 671       ;
;                                             ;           ;
; Total combinational functions               ; 636       ;
; Logic element usage by number of LUT inputs ;           ;
;     -- 4 input functions                    ; 148       ;
;     -- 3 input functions                    ; 220       ;
;     -- <=2 input functions                  ; 268       ;
;                                             ;           ;
; Logic elements by mode                      ;           ;
;     -- normal mode                          ; 461       ;
;     -- arithmetic mode                      ; 175       ;
;                                             ;           ;
; Total registers                             ; 136       ;
;     -- Dedicated logic registers            ; 136       ;
;     -- I/O registers                        ; 0         ;
;                                             ;           ;
; I/O pins                                    ; 53        ;
; Embedded Multiplier 9-bit elements          ; 0         ;
; Maximum fan-out node                        ; clk~input ;
; Maximum fan-out                             ; 136       ;
; Total fan-out                               ; 2400      ;
; Average fan-out                             ; 2.73      ;
+---------------------------------------------+-----------+


+----------------------------------------------------------------------------------------------------------------------------------------------------------------------------------------------------------------------------------------------------------------------------------------------------------------+
; Analysis & Synthesis Resource Utilization by Entity                                                                                                                                                                                                                                                            ;
+-------------------------------------------+-------------------+--------------+-------------+--------------+---------+-----------+------+--------------+-----------------------------------------------------------------------------------------------------------------------------------------+--------------+
; Compilation Hierarchy Node                ; LC Combinationals ; LC Registers ; Memory Bits ; DSP Elements ; DSP 9x9 ; DSP 18x18 ; Pins ; Virtual Pins ; Full Hierarchy Name                                                                                                                     ; Library Name ;
+-------------------------------------------+-------------------+--------------+-------------+--------------+---------+-----------+------+--------------+-----------------------------------------------------------------------------------------------------------------------------------------+--------------+
; |Encoder_Completo                         ; 636 (1)           ; 136 (0)      ; 0           ; 0            ; 0       ; 0         ; 53   ; 0            ; |Encoder_Completo                                                                                                                       ; work         ;
;    |DeltaP_a_RPM:RPM_CALC|                ; 488 (21)          ; 16 (16)      ; 0           ; 0            ; 0       ; 0         ; 0    ; 0            ; |Encoder_Completo|DeltaP_a_RPM:RPM_CALC                                                                                                 ; work         ;
;       |lpm_divide:Div0|                   ; 467 (0)           ; 0 (0)        ; 0           ; 0            ; 0       ; 0         ; 0    ; 0            ; |Encoder_Completo|DeltaP_a_RPM:RPM_CALC|lpm_divide:Div0                                                                                 ; work         ;
;          |lpm_divide_phm:auto_generated|  ; 467 (0)           ; 0 (0)        ; 0           ; 0            ; 0       ; 0         ; 0    ; 0            ; |Encoder_Completo|DeltaP_a_RPM:RPM_CALC|lpm_divide:Div0|lpm_divide_phm:auto_generated                                                   ; work         ;
;             |sign_div_unsign_qlh:divider| ; 467 (0)           ; 0 (0)        ; 0           ; 0            ; 0       ; 0         ; 0    ; 0            ; |Encoder_Completo|DeltaP_a_RPM:RPM_CALC|lpm_divide:Div0|lpm_divide_phm:auto_generated|sign_div_unsign_qlh:divider                       ; work         ;
;                |alt_u_div_v5f:divider|    ; 467 (467)         ; 0 (0)        ; 0           ; 0            ; 0       ; 0         ; 0    ; 0            ; |Encoder_Completo|DeltaP_a_RPM:RPM_CALC|lpm_divide:Div0|lpm_divide_phm:auto_generated|sign_div_unsign_qlh:divider|alt_u_div_v5f:divider ; work         ;
;    |Diferenciador:DIF|                    ; 95 (0)            ; 80 (0)       ; 0           ; 0            ; 0       ; 0         ; 0    ; 0            ; |Encoder_Completo|Diferenciador:DIF                                                                                                     ; work         ;
;       |REGISTER_N_BITS:REG_DELTA|         ; 0 (0)             ; 28 (0)       ; 0           ; 0            ; 0       ; 0         ; 0    ; 0            ; |Encoder_Completo|Diferenciador:DIF|REGISTER_N_BITS:REG_DELTA                                                                           ; work         ;
;          |Flip_Flop_D_RE:\GEN_BITS:10:FF| ; 0 (0)             ; 1 (1)        ; 0           ; 0            ; 0       ; 0         ; 0    ; 0            ; |Encoder_Completo|Diferenciador:DIF|REGISTER_N_BITS:REG_DELTA|Flip_Flop_D_RE:\GEN_BITS:10:FF                                            ; work         ;
;          |Flip_Flop_D_RE:\GEN_BITS:11:FF| ; 0 (0)             ; 1 (1)        ; 0           ; 0            ; 0       ; 0         ; 0    ; 0            ; |Encoder_Completo|Diferenciador:DIF|REGISTER_N_BITS:REG_DELTA|Flip_Flop_D_RE:\GEN_BITS:11:FF                                            ; work         ;
;          |Flip_Flop_D_RE:\GEN_BITS:12:FF| ; 0 (0)             ; 1 (1)        ; 0           ; 0            ; 0       ; 0         ; 0    ; 0            ; |Encoder_Completo|Diferenciador:DIF|REGISTER_N_BITS:REG_DELTA|Flip_Flop_D_RE:\GEN_BITS:12:FF                                            ; work         ;
;          |Flip_Flop_D_RE:\GEN_BITS:13:FF| ; 0 (0)             ; 1 (1)        ; 0           ; 0            ; 0       ; 0         ; 0    ; 0            ; |Encoder_Completo|Diferenciador:DIF|REGISTER_N_BITS:REG_DELTA|Flip_Flop_D_RE:\GEN_BITS:13:FF                                            ; work         ;
;          |Flip_Flop_D_RE:\GEN_BITS:14:FF| ; 0 (0)             ; 1 (1)        ; 0           ; 0            ; 0       ; 0         ; 0    ; 0            ; |Encoder_Completo|Diferenciador:DIF|REGISTER_N_BITS:REG_DELTA|Flip_Flop_D_RE:\GEN_BITS:14:FF                                            ; work         ;
;          |Flip_Flop_D_RE:\GEN_BITS:15:FF| ; 0 (0)             ; 1 (1)        ; 0           ; 0            ; 0       ; 0         ; 0    ; 0            ; |Encoder_Completo|Diferenciador:DIF|REGISTER_N_BITS:REG_DELTA|Flip_Flop_D_RE:\GEN_BITS:15:FF                                            ; work         ;
;          |Flip_Flop_D_RE:\GEN_BITS:16:FF| ; 0 (0)             ; 1 (1)        ; 0           ; 0            ; 0       ; 0         ; 0    ; 0            ; |Encoder_Completo|Diferenciador:DIF|REGISTER_N_BITS:REG_DELTA|Flip_Flop_D_RE:\GEN_BITS:16:FF                                            ; work         ;
;          |Flip_Flop_D_RE:\GEN_BITS:17:FF| ; 0 (0)             ; 1 (1)        ; 0           ; 0            ; 0       ; 0         ; 0    ; 0            ; |Encoder_Completo|Diferenciador:DIF|REGISTER_N_BITS:REG_DELTA|Flip_Flop_D_RE:\GEN_BITS:17:FF                                            ; work         ;
;          |Flip_Flop_D_RE:\GEN_BITS:18:FF| ; 0 (0)             ; 1 (1)        ; 0           ; 0            ; 0       ; 0         ; 0    ; 0            ; |Encoder_Completo|Diferenciador:DIF|REGISTER_N_BITS:REG_DELTA|Flip_Flop_D_RE:\GEN_BITS:18:FF                                            ; work         ;
;          |Flip_Flop_D_RE:\GEN_BITS:19:FF| ; 0 (0)             ; 1 (1)        ; 0           ; 0            ; 0       ; 0         ; 0    ; 0            ; |Encoder_Completo|Diferenciador:DIF|REGISTER_N_BITS:REG_DELTA|Flip_Flop_D_RE:\GEN_BITS:19:FF                                            ; work         ;
;          |Flip_Flop_D_RE:\GEN_BITS:20:FF| ; 0 (0)             ; 1 (1)        ; 0           ; 0            ; 0       ; 0         ; 0    ; 0            ; |Encoder_Completo|Diferenciador:DIF|REGISTER_N_BITS:REG_DELTA|Flip_Flop_D_RE:\GEN_BITS:20:FF                                            ; work         ;
;          |Flip_Flop_D_RE:\GEN_BITS:21:FF| ; 0 (0)             ; 1 (1)        ; 0           ; 0            ; 0       ; 0         ; 0    ; 0            ; |Encoder_Completo|Diferenciador:DIF|REGISTER_N_BITS:REG_DELTA|Flip_Flop_D_RE:\GEN_BITS:21:FF                                            ; work         ;
;          |Flip_Flop_D_RE:\GEN_BITS:22:FF| ; 0 (0)             ; 1 (1)        ; 0           ; 0            ; 0       ; 0         ; 0    ; 0            ; |Encoder_Completo|Diferenciador:DIF|REGISTER_N_BITS:REG_DELTA|Flip_Flop_D_RE:\GEN_BITS:22:FF                                            ; work         ;
;          |Flip_Flop_D_RE:\GEN_BITS:23:FF| ; 0 (0)             ; 1 (1)        ; 0           ; 0            ; 0       ; 0         ; 0    ; 0            ; |Encoder_Completo|Diferenciador:DIF|REGISTER_N_BITS:REG_DELTA|Flip_Flop_D_RE:\GEN_BITS:23:FF                                            ; work         ;
;          |Flip_Flop_D_RE:\GEN_BITS:24:FF| ; 0 (0)             ; 1 (1)        ; 0           ; 0            ; 0       ; 0         ; 0    ; 0            ; |Encoder_Completo|Diferenciador:DIF|REGISTER_N_BITS:REG_DELTA|Flip_Flop_D_RE:\GEN_BITS:24:FF                                            ; work         ;
;          |Flip_Flop_D_RE:\GEN_BITS:25:FF| ; 0 (0)             ; 1 (1)        ; 0           ; 0            ; 0       ; 0         ; 0    ; 0            ; |Encoder_Completo|Diferenciador:DIF|REGISTER_N_BITS:REG_DELTA|Flip_Flop_D_RE:\GEN_BITS:25:FF                                            ; work         ;
;          |Flip_Flop_D_RE:\GEN_BITS:26:FF| ; 0 (0)             ; 1 (1)        ; 0           ; 0            ; 0       ; 0         ; 0    ; 0            ; |Encoder_Completo|Diferenciador:DIF|REGISTER_N_BITS:REG_DELTA|Flip_Flop_D_RE:\GEN_BITS:26:FF                                            ; work         ;
;          |Flip_Flop_D_RE:\GEN_BITS:27:FF| ; 0 (0)             ; 1 (1)        ; 0           ; 0            ; 0       ; 0         ; 0    ; 0            ; |Encoder_Completo|Diferenciador:DIF|REGISTER_N_BITS:REG_DELTA|Flip_Flop_D_RE:\GEN_BITS:27:FF                                            ; work         ;
;          |Flip_Flop_D_RE:\GEN_BITS:28:FF| ; 0 (0)             ; 1 (1)        ; 0           ; 0            ; 0       ; 0         ; 0    ; 0            ; |Encoder_Completo|Diferenciador:DIF|REGISTER_N_BITS:REG_DELTA|Flip_Flop_D_RE:\GEN_BITS:28:FF                                            ; work         ;
;          |Flip_Flop_D_RE:\GEN_BITS:29:FF| ; 0 (0)             ; 1 (1)        ; 0           ; 0            ; 0       ; 0         ; 0    ; 0            ; |Encoder_Completo|Diferenciador:DIF|REGISTER_N_BITS:REG_DELTA|Flip_Flop_D_RE:\GEN_BITS:29:FF                                            ; work         ;
;          |Flip_Flop_D_RE:\GEN_BITS:30:FF| ; 0 (0)             ; 1 (1)        ; 0           ; 0            ; 0       ; 0         ; 0    ; 0            ; |Encoder_Completo|Diferenciador:DIF|REGISTER_N_BITS:REG_DELTA|Flip_Flop_D_RE:\GEN_BITS:30:FF                                            ; work         ;
;          |Flip_Flop_D_RE:\GEN_BITS:3:FF|  ; 0 (0)             ; 1 (1)        ; 0           ; 0            ; 0       ; 0         ; 0    ; 0            ; |Encoder_Completo|Diferenciador:DIF|REGISTER_N_BITS:REG_DELTA|Flip_Flop_D_RE:\GEN_BITS:3:FF                                             ; work         ;
;          |Flip_Flop_D_RE:\GEN_BITS:4:FF|  ; 0 (0)             ; 1 (1)        ; 0           ; 0            ; 0       ; 0         ; 0    ; 0            ; |Encoder_Completo|Diferenciador:DIF|REGISTER_N_BITS:REG_DELTA|Flip_Flop_D_RE:\GEN_BITS:4:FF                                             ; work         ;
;          |Flip_Flop_D_RE:\GEN_BITS:5:FF|  ; 0 (0)             ; 1 (1)        ; 0           ; 0            ; 0       ; 0         ; 0    ; 0            ; |Encoder_Completo|Diferenciador:DIF|REGISTER_N_BITS:REG_DELTA|Flip_Flop_D_RE:\GEN_BITS:5:FF                                             ; work         ;
;          |Flip_Flop_D_RE:\GEN_BITS:6:FF|  ; 0 (0)             ; 1 (1)        ; 0           ; 0            ; 0       ; 0         ; 0    ; 0            ; |Encoder_Completo|Diferenciador:DIF|REGISTER_N_BITS:REG_DELTA|Flip_Flop_D_RE:\GEN_BITS:6:FF                                             ; work         ;
;          |Flip_Flop_D_RE:\GEN_BITS:7:FF|  ; 0 (0)             ; 1 (1)        ; 0           ; 0            ; 0       ; 0         ; 0    ; 0            ; |Encoder_Completo|Diferenciador:DIF|REGISTER_N_BITS:REG_DELTA|Flip_Flop_D_RE:\GEN_BITS:7:FF                                             ; work         ;
;          |Flip_Flop_D_RE:\GEN_BITS:8:FF|  ; 0 (0)             ; 1 (1)        ; 0           ; 0            ; 0       ; 0         ; 0    ; 0            ; |Encoder_Completo|Diferenciador:DIF|REGISTER_N_BITS:REG_DELTA|Flip_Flop_D_RE:\GEN_BITS:8:FF                                             ; work         ;
;          |Flip_Flop_D_RE:\GEN_BITS:9:FF|  ; 0 (0)             ; 1 (1)        ; 0           ; 0            ; 0       ; 0         ; 0    ; 0            ; |Encoder_Completo|Diferenciador:DIF|REGISTER_N_BITS:REG_DELTA|Flip_Flop_D_RE:\GEN_BITS:9:FF                                             ; work         ;
;       |REGISTER_N_BITS:REG_POS_ANT|       ; 0 (0)             ; 31 (0)       ; 0           ; 0            ; 0       ; 0         ; 0    ; 0            ; |Encoder_Completo|Diferenciador:DIF|REGISTER_N_BITS:REG_POS_ANT                                                                         ; work         ;
;          |Flip_Flop_D_RE:\GEN_BITS:0:FF|  ; 0 (0)             ; 1 (1)        ; 0           ; 0            ; 0       ; 0         ; 0    ; 0            ; |Encoder_Completo|Diferenciador:DIF|REGISTER_N_BITS:REG_POS_ANT|Flip_Flop_D_RE:\GEN_BITS:0:FF                                           ; work         ;
;          |Flip_Flop_D_RE:\GEN_BITS:10:FF| ; 0 (0)             ; 1 (1)        ; 0           ; 0            ; 0       ; 0         ; 0    ; 0            ; |Encoder_Completo|Diferenciador:DIF|REGISTER_N_BITS:REG_POS_ANT|Flip_Flop_D_RE:\GEN_BITS:10:FF                                          ; work         ;
;          |Flip_Flop_D_RE:\GEN_BITS:11:FF| ; 0 (0)             ; 1 (1)        ; 0           ; 0            ; 0       ; 0         ; 0    ; 0            ; |Encoder_Completo|Diferenciador:DIF|REGISTER_N_BITS:REG_POS_ANT|Flip_Flop_D_RE:\GEN_BITS:11:FF                                          ; work         ;
;          |Flip_Flop_D_RE:\GEN_BITS:12:FF| ; 0 (0)             ; 1 (1)        ; 0           ; 0            ; 0       ; 0         ; 0    ; 0            ; |Encoder_Completo|Diferenciador:DIF|REGISTER_N_BITS:REG_POS_ANT|Flip_Flop_D_RE:\GEN_BITS:12:FF                                          ; work         ;
;          |Flip_Flop_D_RE:\GEN_BITS:13:FF| ; 0 (0)             ; 1 (1)        ; 0           ; 0            ; 0       ; 0         ; 0    ; 0            ; |Encoder_Completo|Diferenciador:DIF|REGISTER_N_BITS:REG_POS_ANT|Flip_Flop_D_RE:\GEN_BITS:13:FF                                          ; work         ;
;          |Flip_Flop_D_RE:\GEN_BITS:14:FF| ; 0 (0)             ; 1 (1)        ; 0           ; 0            ; 0       ; 0         ; 0    ; 0            ; |Encoder_Completo|Diferenciador:DIF|REGISTER_N_BITS:REG_POS_ANT|Flip_Flop_D_RE:\GEN_BITS:14:FF                                          ; work         ;
;          |Flip_Flop_D_RE:\GEN_BITS:15:FF| ; 0 (0)             ; 1 (1)        ; 0           ; 0            ; 0       ; 0         ; 0    ; 0            ; |Encoder_Completo|Diferenciador:DIF|REGISTER_N_BITS:REG_POS_ANT|Flip_Flop_D_RE:\GEN_BITS:15:FF                                          ; work         ;
;          |Flip_Flop_D_RE:\GEN_BITS:16:FF| ; 0 (0)             ; 1 (1)        ; 0           ; 0            ; 0       ; 0         ; 0    ; 0            ; |Encoder_Completo|Diferenciador:DIF|REGISTER_N_BITS:REG_POS_ANT|Flip_Flop_D_RE:\GEN_BITS:16:FF                                          ; work         ;
;          |Flip_Flop_D_RE:\GEN_BITS:17:FF| ; 0 (0)             ; 1 (1)        ; 0           ; 0            ; 0       ; 0         ; 0    ; 0            ; |Encoder_Completo|Diferenciador:DIF|REGISTER_N_BITS:REG_POS_ANT|Flip_Flop_D_RE:\GEN_BITS:17:FF                                          ; work         ;
;          |Flip_Flop_D_RE:\GEN_BITS:18:FF| ; 0 (0)             ; 1 (1)        ; 0           ; 0            ; 0       ; 0         ; 0    ; 0            ; |Encoder_Completo|Diferenciador:DIF|REGISTER_N_BITS:REG_POS_ANT|Flip_Flop_D_RE:\GEN_BITS:18:FF                                          ; work         ;
;          |Flip_Flop_D_RE:\GEN_BITS:19:FF| ; 0 (0)             ; 1 (1)        ; 0           ; 0            ; 0       ; 0         ; 0    ; 0            ; |Encoder_Completo|Diferenciador:DIF|REGISTER_N_BITS:REG_POS_ANT|Flip_Flop_D_RE:\GEN_BITS:19:FF                                          ; work         ;
;          |Flip_Flop_D_RE:\GEN_BITS:1:FF|  ; 0 (0)             ; 1 (1)        ; 0           ; 0            ; 0       ; 0         ; 0    ; 0            ; |Encoder_Completo|Diferenciador:DIF|REGISTER_N_BITS:REG_POS_ANT|Flip_Flop_D_RE:\GEN_BITS:1:FF                                           ; work         ;
;          |Flip_Flop_D_RE:\GEN_BITS:20:FF| ; 0 (0)             ; 1 (1)        ; 0           ; 0            ; 0       ; 0         ; 0    ; 0            ; |Encoder_Completo|Diferenciador:DIF|REGISTER_N_BITS:REG_POS_ANT|Flip_Flop_D_RE:\GEN_BITS:20:FF                                          ; work         ;
;          |Flip_Flop_D_RE:\GEN_BITS:21:FF| ; 0 (0)             ; 1 (1)        ; 0           ; 0            ; 0       ; 0         ; 0    ; 0            ; |Encoder_Completo|Diferenciador:DIF|REGISTER_N_BITS:REG_POS_ANT|Flip_Flop_D_RE:\GEN_BITS:21:FF                                          ; work         ;
;          |Flip_Flop_D_RE:\GEN_BITS:22:FF| ; 0 (0)             ; 1 (1)        ; 0           ; 0            ; 0       ; 0         ; 0    ; 0            ; |Encoder_Completo|Diferenciador:DIF|REGISTER_N_BITS:REG_POS_ANT|Flip_Flop_D_RE:\GEN_BITS:22:FF                                          ; work         ;
;          |Flip_Flop_D_RE:\GEN_BITS:23:FF| ; 0 (0)             ; 1 (1)        ; 0           ; 0            ; 0       ; 0         ; 0    ; 0            ; |Encoder_Completo|Diferenciador:DIF|REGISTER_N_BITS:REG_POS_ANT|Flip_Flop_D_RE:\GEN_BITS:23:FF                                          ; work         ;
;          |Flip_Flop_D_RE:\GEN_BITS:24:FF| ; 0 (0)             ; 1 (1)        ; 0           ; 0            ; 0       ; 0         ; 0    ; 0            ; |Encoder_Completo|Diferenciador:DIF|REGISTER_N_BITS:REG_POS_ANT|Flip_Flop_D_RE:\GEN_BITS:24:FF                                          ; work         ;
;          |Flip_Flop_D_RE:\GEN_BITS:25:FF| ; 0 (0)             ; 1 (1)        ; 0           ; 0            ; 0       ; 0         ; 0    ; 0            ; |Encoder_Completo|Diferenciador:DIF|REGISTER_N_BITS:REG_POS_ANT|Flip_Flop_D_RE:\GEN_BITS:25:FF                                          ; work         ;
;          |Flip_Flop_D_RE:\GEN_BITS:26:FF| ; 0 (0)             ; 1 (1)        ; 0           ; 0            ; 0       ; 0         ; 0    ; 0            ; |Encoder_Completo|Diferenciador:DIF|REGISTER_N_BITS:REG_POS_ANT|Flip_Flop_D_RE:\GEN_BITS:26:FF                                          ; work         ;
;          |Flip_Flop_D_RE:\GEN_BITS:27:FF| ; 0 (0)             ; 1 (1)        ; 0           ; 0            ; 0       ; 0         ; 0    ; 0            ; |Encoder_Completo|Diferenciador:DIF|REGISTER_N_BITS:REG_POS_ANT|Flip_Flop_D_RE:\GEN_BITS:27:FF                                          ; work         ;
;          |Flip_Flop_D_RE:\GEN_BITS:28:FF| ; 0 (0)             ; 1 (1)        ; 0           ; 0            ; 0       ; 0         ; 0    ; 0            ; |Encoder_Completo|Diferenciador:DIF|REGISTER_N_BITS:REG_POS_ANT|Flip_Flop_D_RE:\GEN_BITS:28:FF                                          ; work         ;
;          |Flip_Flop_D_RE:\GEN_BITS:29:FF| ; 0 (0)             ; 1 (1)        ; 0           ; 0            ; 0       ; 0         ; 0    ; 0            ; |Encoder_Completo|Diferenciador:DIF|REGISTER_N_BITS:REG_POS_ANT|Flip_Flop_D_RE:\GEN_BITS:29:FF                                          ; work         ;
;          |Flip_Flop_D_RE:\GEN_BITS:2:FF|  ; 0 (0)             ; 1 (1)        ; 0           ; 0            ; 0       ; 0         ; 0    ; 0            ; |Encoder_Completo|Diferenciador:DIF|REGISTER_N_BITS:REG_POS_ANT|Flip_Flop_D_RE:\GEN_BITS:2:FF                                           ; work         ;
;          |Flip_Flop_D_RE:\GEN_BITS:30:FF| ; 0 (0)             ; 1 (1)        ; 0           ; 0            ; 0       ; 0         ; 0    ; 0            ; |Encoder_Completo|Diferenciador:DIF|REGISTER_N_BITS:REG_POS_ANT|Flip_Flop_D_RE:\GEN_BITS:30:FF                                          ; work         ;
;          |Flip_Flop_D_RE:\GEN_BITS:3:FF|  ; 0 (0)             ; 1 (1)        ; 0           ; 0            ; 0       ; 0         ; 0    ; 0            ; |Encoder_Completo|Diferenciador:DIF|REGISTER_N_BITS:REG_POS_ANT|Flip_Flop_D_RE:\GEN_BITS:3:FF                                           ; work         ;
;          |Flip_Flop_D_RE:\GEN_BITS:4:FF|  ; 0 (0)             ; 1 (1)        ; 0           ; 0            ; 0       ; 0         ; 0    ; 0            ; |Encoder_Completo|Diferenciador:DIF|REGISTER_N_BITS:REG_POS_ANT|Flip_Flop_D_RE:\GEN_BITS:4:FF                                           ; work         ;
;          |Flip_Flop_D_RE:\GEN_BITS:5:FF|  ; 0 (0)             ; 1 (1)        ; 0           ; 0            ; 0       ; 0         ; 0    ; 0            ; |Encoder_Completo|Diferenciador:DIF|REGISTER_N_BITS:REG_POS_ANT|Flip_Flop_D_RE:\GEN_BITS:5:FF                                           ; work         ;
;          |Flip_Flop_D_RE:\GEN_BITS:6:FF|  ; 0 (0)             ; 1 (1)        ; 0           ; 0            ; 0       ; 0         ; 0    ; 0            ; |Encoder_Completo|Diferenciador:DIF|REGISTER_N_BITS:REG_POS_ANT|Flip_Flop_D_RE:\GEN_BITS:6:FF                                           ; work         ;
;          |Flip_Flop_D_RE:\GEN_BITS:7:FF|  ; 0 (0)             ; 1 (1)        ; 0           ; 0            ; 0       ; 0         ; 0    ; 0            ; |Encoder_Completo|Diferenciador:DIF|REGISTER_N_BITS:REG_POS_ANT|Flip_Flop_D_RE:\GEN_BITS:7:FF                                           ; work         ;
;          |Flip_Flop_D_RE:\GEN_BITS:8:FF|  ; 0 (0)             ; 1 (1)        ; 0           ; 0            ; 0       ; 0         ; 0    ; 0            ; |Encoder_Completo|Diferenciador:DIF|REGISTER_N_BITS:REG_POS_ANT|Flip_Flop_D_RE:\GEN_BITS:8:FF                                           ; work         ;
;          |Flip_Flop_D_RE:\GEN_BITS:9:FF|  ; 0 (0)             ; 1 (1)        ; 0           ; 0            ; 0       ; 0         ; 0    ; 0            ; |Encoder_Completo|Diferenciador:DIF|REGISTER_N_BITS:REG_POS_ANT|Flip_Flop_D_RE:\GEN_BITS:9:FF                                           ; work         ;
;       |Sub_Adder:RESTADOR|                ; 57 (0)            ; 0 (0)        ; 0           ; 0            ; 0       ; 0         ; 0    ; 0            ; |Encoder_Completo|Diferenciador:DIF|Sub_Adder:RESTADOR                                                                                  ; work         ;
;          |FullAdder:\GEN_FA:10:FA|        ; 2 (2)             ; 0 (0)        ; 0           ; 0            ; 0       ; 0         ; 0    ; 0            ; |Encoder_Completo|Diferenciador:DIF|Sub_Adder:RESTADOR|FullAdder:\GEN_FA:10:FA                                                          ; work         ;
;          |FullAdder:\GEN_FA:11:FA|        ; 2 (2)             ; 0 (0)        ; 0           ; 0            ; 0       ; 0         ; 0    ; 0            ; |Encoder_Completo|Diferenciador:DIF|Sub_Adder:RESTADOR|FullAdder:\GEN_FA:11:FA                                                          ; work         ;
;          |FullAdder:\GEN_FA:12:FA|        ; 2 (2)             ; 0 (0)        ; 0           ; 0            ; 0       ; 0         ; 0    ; 0            ; |Encoder_Completo|Diferenciador:DIF|Sub_Adder:RESTADOR|FullAdder:\GEN_FA:12:FA                                                          ; work         ;
;          |FullAdder:\GEN_FA:13:FA|        ; 2 (2)             ; 0 (0)        ; 0           ; 0            ; 0       ; 0         ; 0    ; 0            ; |Encoder_Completo|Diferenciador:DIF|Sub_Adder:RESTADOR|FullAdder:\GEN_FA:13:FA                                                          ; work         ;
;          |FullAdder:\GEN_FA:14:FA|        ; 2 (2)             ; 0 (0)        ; 0           ; 0            ; 0       ; 0         ; 0    ; 0            ; |Encoder_Completo|Diferenciador:DIF|Sub_Adder:RESTADOR|FullAdder:\GEN_FA:14:FA                                                          ; work         ;
;          |FullAdder:\GEN_FA:15:FA|        ; 2 (2)             ; 0 (0)        ; 0           ; 0            ; 0       ; 0         ; 0    ; 0            ; |Encoder_Completo|Diferenciador:DIF|Sub_Adder:RESTADOR|FullAdder:\GEN_FA:15:FA                                                          ; work         ;
;          |FullAdder:\GEN_FA:16:FA|        ; 2 (2)             ; 0 (0)        ; 0           ; 0            ; 0       ; 0         ; 0    ; 0            ; |Encoder_Completo|Diferenciador:DIF|Sub_Adder:RESTADOR|FullAdder:\GEN_FA:16:FA                                                          ; work         ;
;          |FullAdder:\GEN_FA:17:FA|        ; 2 (2)             ; 0 (0)        ; 0           ; 0            ; 0       ; 0         ; 0    ; 0            ; |Encoder_Completo|Diferenciador:DIF|Sub_Adder:RESTADOR|FullAdder:\GEN_FA:17:FA                                                          ; work         ;
;          |FullAdder:\GEN_FA:18:FA|        ; 2 (2)             ; 0 (0)        ; 0           ; 0            ; 0       ; 0         ; 0    ; 0            ; |Encoder_Completo|Diferenciador:DIF|Sub_Adder:RESTADOR|FullAdder:\GEN_FA:18:FA                                                          ; work         ;
;          |FullAdder:\GEN_FA:19:FA|        ; 2 (2)             ; 0 (0)        ; 0           ; 0            ; 0       ; 0         ; 0    ; 0            ; |Encoder_Completo|Diferenciador:DIF|Sub_Adder:RESTADOR|FullAdder:\GEN_FA:19:FA                                                          ; work         ;
;          |FullAdder:\GEN_FA:1:FA|         ; 1 (1)             ; 0 (0)        ; 0           ; 0            ; 0       ; 0         ; 0    ; 0            ; |Encoder_Completo|Diferenciador:DIF|Sub_Adder:RESTADOR|FullAdder:\GEN_FA:1:FA                                                           ; work         ;
;          |FullAdder:\GEN_FA:20:FA|        ; 2 (2)             ; 0 (0)        ; 0           ; 0            ; 0       ; 0         ; 0    ; 0            ; |Encoder_Completo|Diferenciador:DIF|Sub_Adder:RESTADOR|FullAdder:\GEN_FA:20:FA                                                          ; work         ;
;          |FullAdder:\GEN_FA:21:FA|        ; 2 (2)             ; 0 (0)        ; 0           ; 0            ; 0       ; 0         ; 0    ; 0            ; |Encoder_Completo|Diferenciador:DIF|Sub_Adder:RESTADOR|FullAdder:\GEN_FA:21:FA                                                          ; work         ;
;          |FullAdder:\GEN_FA:22:FA|        ; 2 (2)             ; 0 (0)        ; 0           ; 0            ; 0       ; 0         ; 0    ; 0            ; |Encoder_Completo|Diferenciador:DIF|Sub_Adder:RESTADOR|FullAdder:\GEN_FA:22:FA                                                          ; work         ;
;          |FullAdder:\GEN_FA:23:FA|        ; 2 (2)             ; 0 (0)        ; 0           ; 0            ; 0       ; 0         ; 0    ; 0            ; |Encoder_Completo|Diferenciador:DIF|Sub_Adder:RESTADOR|FullAdder:\GEN_FA:23:FA                                                          ; work         ;
;          |FullAdder:\GEN_FA:24:FA|        ; 2 (2)             ; 0 (0)        ; 0           ; 0            ; 0       ; 0         ; 0    ; 0            ; |Encoder_Completo|Diferenciador:DIF|Sub_Adder:RESTADOR|FullAdder:\GEN_FA:24:FA                                                          ; work         ;
;          |FullAdder:\GEN_FA:25:FA|        ; 2 (2)             ; 0 (0)        ; 0           ; 0            ; 0       ; 0         ; 0    ; 0            ; |Encoder_Completo|Diferenciador:DIF|Sub_Adder:RESTADOR|FullAdder:\GEN_FA:25:FA                                                          ; work         ;
;          |FullAdder:\GEN_FA:26:FA|        ; 2 (2)             ; 0 (0)        ; 0           ; 0            ; 0       ; 0         ; 0    ; 0            ; |Encoder_Completo|Diferenciador:DIF|Sub_Adder:RESTADOR|FullAdder:\GEN_FA:26:FA                                                          ; work         ;
;          |FullAdder:\GEN_FA:27:FA|        ; 2 (2)             ; 0 (0)        ; 0           ; 0            ; 0       ; 0         ; 0    ; 0            ; |Encoder_Completo|Diferenciador:DIF|Sub_Adder:RESTADOR|FullAdder:\GEN_FA:27:FA                                                          ; work         ;
;          |FullAdder:\GEN_FA:28:FA|        ; 2 (2)             ; 0 (0)        ; 0           ; 0            ; 0       ; 0         ; 0    ; 0            ; |Encoder_Completo|Diferenciador:DIF|Sub_Adder:RESTADOR|FullAdder:\GEN_FA:28:FA                                                          ; work         ;
;          |FullAdder:\GEN_FA:29:FA|        ; 1 (1)             ; 0 (0)        ; 0           ; 0            ; 0       ; 0         ; 0    ; 0            ; |Encoder_Completo|Diferenciador:DIF|Sub_Adder:RESTADOR|FullAdder:\GEN_FA:29:FA                                                          ; work         ;
;          |FullAdder:\GEN_FA:2:FA|         ; 1 (1)             ; 0 (0)        ; 0           ; 0            ; 0       ; 0         ; 0    ; 0            ; |Encoder_Completo|Diferenciador:DIF|Sub_Adder:RESTADOR|FullAdder:\GEN_FA:2:FA                                                           ; work         ;
;          |FullAdder:\GEN_FA:30:FA|        ; 2 (2)             ; 0 (0)        ; 0           ; 0            ; 0       ; 0         ; 0    ; 0            ; |Encoder_Completo|Diferenciador:DIF|Sub_Adder:RESTADOR|FullAdder:\GEN_FA:30:FA                                                          ; work         ;
;          |FullAdder:\GEN_FA:3:FA|         ; 2 (2)             ; 0 (0)        ; 0           ; 0            ; 0       ; 0         ; 0    ; 0            ; |Encoder_Completo|Diferenciador:DIF|Sub_Adder:RESTADOR|FullAdder:\GEN_FA:3:FA                                                           ; work         ;
;          |FullAdder:\GEN_FA:4:FA|         ; 2 (2)             ; 0 (0)        ; 0           ; 0            ; 0       ; 0         ; 0    ; 0            ; |Encoder_Completo|Diferenciador:DIF|Sub_Adder:RESTADOR|FullAdder:\GEN_FA:4:FA                                                           ; work         ;
;          |FullAdder:\GEN_FA:5:FA|         ; 2 (2)             ; 0 (0)        ; 0           ; 0            ; 0       ; 0         ; 0    ; 0            ; |Encoder_Completo|Diferenciador:DIF|Sub_Adder:RESTADOR|FullAdder:\GEN_FA:5:FA                                                           ; work         ;
;          |FullAdder:\GEN_FA:6:FA|         ; 2 (2)             ; 0 (0)        ; 0           ; 0            ; 0       ; 0         ; 0    ; 0            ; |Encoder_Completo|Diferenciador:DIF|Sub_Adder:RESTADOR|FullAdder:\GEN_FA:6:FA                                                           ; work         ;
;          |FullAdder:\GEN_FA:7:FA|         ; 2 (2)             ; 0 (0)        ; 0           ; 0            ; 0       ; 0         ; 0    ; 0            ; |Encoder_Completo|Diferenciador:DIF|Sub_Adder:RESTADOR|FullAdder:\GEN_FA:7:FA                                                           ; work         ;
;          |FullAdder:\GEN_FA:8:FA|         ; 2 (2)             ; 0 (0)        ; 0           ; 0            ; 0       ; 0         ; 0    ; 0            ; |Encoder_Completo|Diferenciador:DIF|Sub_Adder:RESTADOR|FullAdder:\GEN_FA:8:FA                                                           ; work         ;
;          |FullAdder:\GEN_FA:9:FA|         ; 2 (2)             ; 0 (0)        ; 0           ; 0            ; 0       ; 0         ; 0    ; 0            ; |Encoder_Completo|Diferenciador:DIF|Sub_Adder:RESTADOR|FullAdder:\GEN_FA:9:FA                                                           ; work         ;
;       |contador_uni:TIMER|                ; 38 (38)           ; 21 (21)      ; 0           ; 0            ; 0       ; 0         ; 0    ; 0            ; |Encoder_Completo|Diferenciador:DIF|contador_uni:TIMER                                                                                  ; work         ;
;    |Flip_Flop_D_RE:FF_A1|                 ; 0 (0)             ; 1 (1)        ; 0           ; 0            ; 0       ; 0         ; 0    ; 0            ; |Encoder_Completo|Flip_Flop_D_RE:FF_A1                                                                                                  ; work         ;
;    |Flip_Flop_D_RE:FF_A2|                 ; 0 (0)             ; 1 (1)        ; 0           ; 0            ; 0       ; 0         ; 0    ; 0            ; |Encoder_Completo|Flip_Flop_D_RE:FF_A2                                                                                                  ; work         ;
;    |Flip_Flop_D_RE:FF_B1|                 ; 0 (0)             ; 1 (1)        ; 0           ; 0            ; 0       ; 0         ; 0    ; 0            ; |Encoder_Completo|Flip_Flop_D_RE:FF_B1                                                                                                  ; work         ;
;    |Flip_Flop_D_RE:FF_B2|                 ; 0 (0)             ; 1 (1)        ; 0           ; 0            ; 0       ; 0         ; 0    ; 0            ; |Encoder_Completo|Flip_Flop_D_RE:FF_B2                                                                                                  ; work         ;
;    |contador_uni:CONTADOR_POS|            ; 43 (43)           ; 32 (32)      ; 0           ; 0            ; 0       ; 0         ; 0    ; 0            ; |Encoder_Completo|contador_uni:CONTADOR_POS                                                                                             ; work         ;
;    |decoder_quadratura:FSM|               ; 9 (9)             ; 4 (4)        ; 0           ; 0            ; 0       ; 0         ; 0    ; 0            ; |Encoder_Completo|decoder_quadratura:FSM                                                                                                ; work         ;
+-------------------------------------------+-------------------+--------------+-------------+--------------+---------+-----------+------+--------------+-----------------------------------------------------------------------------------------------------------------------------------------+--------------+
Note: For table entries with two numbers listed, the numbers in parentheses indicate the number of resources of the given type used by the specific entity alone. The numbers listed outside of parentheses indicate the total resources of the given type used by the specific entity and all of its sub-entities in the hierarchy.


Encoding Type:  One-Hot
+----------------------------------------------------------------+
; State Machine - |Encoder_Completo|decoder_quadratura:FSM|state ;
+-----------+-----------+-----------+-----------+----------------+
; Name      ; state.S10 ; state.S11 ; state.S01 ; state.S00      ;
+-----------+-----------+-----------+-----------+----------------+
; state.S00 ; 0         ; 0         ; 0         ; 0              ;
; state.S01 ; 0         ; 0         ; 1         ; 1              ;
; state.S11 ; 0         ; 1         ; 0         ; 1              ;
; state.S10 ; 1         ; 0         ; 0         ; 1              ;
+-----------+-----------+-----------+-----------+----------------+


+--------------------------------------------------------------------------------------------------+
; Registers Removed During Synthesis                                                               ;
+-----------------------------------------------------------------------------+--------------------+
; Register name                                                               ; Reason for Removal ;
+-----------------------------------------------------------------------------+--------------------+
; Diferenciador:DIF|REGISTER_N_BITS:REG_DELTA|Flip_Flop_D_RE:\GEN_BITS:0:FF|Q ; Lost fanout        ;
; Diferenciador:DIF|REGISTER_N_BITS:REG_DELTA|Flip_Flop_D_RE:\GEN_BITS:1:FF|Q ; Lost fanout        ;
; Diferenciador:DIF|REGISTER_N_BITS:REG_DELTA|Flip_Flop_D_RE:\GEN_BITS:2:FF|Q ; Lost fanout        ;
; Total Number of Removed Registers = 3                                       ;                    ;
+-----------------------------------------------------------------------------+--------------------+


+------------------------------------------------------+
; General Register Statistics                          ;
+----------------------------------------------+-------+
; Statistic                                    ; Value ;
+----------------------------------------------+-------+
; Total registers                              ; 136   ;
; Number of registers using Synchronous Clear  ; 0     ;
; Number of registers using Synchronous Load   ; 32    ;
; Number of registers using Asynchronous Clear ; 136   ;
; Number of registers using Asynchronous Load  ; 0     ;
; Number of registers using Clock Enable       ; 107   ;
; Number of registers using Preset             ; 0     ;
+----------------------------------------------+-------+


+--------------------------------------------------------------------------------------------------------------------------------------------------------------------+
; Multiplexer Restructuring Statistics (Restructuring Performed)                                                                                                     ;
+--------------------+-----------+---------------+----------------------+------------------------+------------+------------------------------------------------------+
; Multiplexer Inputs ; Bus Width ; Baseline Area ; Area if Restructured ; Saving if Restructured ; Registered ; Example Multiplexer Output                           ;
+--------------------+-----------+---------------+----------------------+------------------------+------------+------------------------------------------------------+
; 4:1                ; 32 bits   ; 64 LEs        ; 64 LEs               ; 0 LEs                  ; Yes        ; |Encoder_Completo|contador_uni:CONTADOR_POS|temp[14] ;
+--------------------+-----------+---------------+----------------------+------------------------+------------+------------------------------------------------------+


+------------------------------------------------------------------------+
; Parameter Settings for User Entity Instance: contador_uni:CONTADOR_POS ;
+----------------+-------+-----------------------------------------------+
; Parameter Name ; Value ; Type                                          ;
+----------------+-------+-----------------------------------------------+
; n              ; 32    ; Signed Integer                                ;
+----------------+-------+-----------------------------------------------+
Note: In order to hide this table in the UI and the text report file, please set the "Show Parameter Settings in Synthesis Report" option in "Analysis and Synthesis Settings -> More Settings" to "Off".


+-----------------------------------------------------------------------------------+
; Parameter Settings for User Entity Instance: Diferenciador:DIF|contador_uni:TIMER ;
+----------------+-------+----------------------------------------------------------+
; Parameter Name ; Value ; Type                                                     ;
+----------------+-------+----------------------------------------------------------+
; n              ; 21    ; Signed Integer                                           ;
+----------------+-------+----------------------------------------------------------+
Note: In order to hide this table in the UI and the text report file, please set the "Show Parameter Settings in Synthesis Report" option in "Analysis and Synthesis Settings -> More Settings" to "Off".


+--------------------------------------------------------------------------------------------+
; Parameter Settings for User Entity Instance: Diferenciador:DIF|REGISTER_N_BITS:REG_POS_ANT ;
+----------------+-------+-------------------------------------------------------------------+
; Parameter Name ; Value ; Type                                                              ;
+----------------+-------+-------------------------------------------------------------------+
; max_width      ; 32    ; Signed Integer                                                    ;
+----------------+-------+-------------------------------------------------------------------+
Note: In order to hide this table in the UI and the text report file, please set the "Show Parameter Settings in Synthesis Report" option in "Analysis and Synthesis Settings -> More Settings" to "Off".


+-----------------------------------------------------------------------------------+
; Parameter Settings for User Entity Instance: Diferenciador:DIF|Sub_Adder:RESTADOR ;
+----------------+-------+----------------------------------------------------------+
; Parameter Name ; Value ; Type                                                     ;
+----------------+-------+----------------------------------------------------------+
; n              ; 32    ; Signed Integer                                           ;
+----------------+-------+----------------------------------------------------------+
Note: In order to hide this table in the UI and the text report file, please set the "Show Parameter Settings in Synthesis Report" option in "Analysis and Synthesis Settings -> More Settings" to "Off".


+------------------------------------------------------------------------------------------+
; Parameter Settings for User Entity Instance: Diferenciador:DIF|REGISTER_N_BITS:REG_DELTA ;
+----------------+-------+-----------------------------------------------------------------+
; Parameter Name ; Value ; Type                                                            ;
+----------------+-------+-----------------------------------------------------------------+
; max_width      ; 32    ; Signed Integer                                                  ;
+----------------+-------+-----------------------------------------------------------------+
Note: In order to hide this table in the UI and the text report file, please set the "Show Parameter Settings in Synthesis Report" option in "Analysis and Synthesis Settings -> More Settings" to "Off".


+----------------------------------------------------------------------------------------+
; Parameter Settings for Inferred Entity Instance: DeltaP_a_RPM:RPM_CALC|lpm_divide:Div0 ;
+------------------------+----------------+----------------------------------------------+
; Parameter Name         ; Value          ; Type                                         ;
+------------------------+----------------+----------------------------------------------+
; LPM_WIDTHN             ; 31             ; Untyped                                      ;
; LPM_WIDTHD             ; 7              ; Untyped                                      ;
; LPM_NREPRESENTATION    ; UNSIGNED       ; Untyped                                      ;
; LPM_DREPRESENTATION    ; UNSIGNED       ; Untyped                                      ;
; LPM_PIPELINE           ; 0              ; Untyped                                      ;
; LPM_REMAINDERPOSITIVE  ; TRUE           ; Untyped                                      ;
; MAXIMIZE_SPEED         ; 5              ; Untyped                                      ;
; CBXI_PARAMETER         ; lpm_divide_phm ; Untyped                                      ;
; CARRY_CHAIN            ; MANUAL         ; Untyped                                      ;
; OPTIMIZE_FOR_SPEED     ; 5              ; Untyped                                      ;
; AUTO_CARRY_CHAINS      ; ON             ; AUTO_CARRY                                   ;
; IGNORE_CARRY_BUFFERS   ; OFF            ; IGNORE_CARRY                                 ;
; AUTO_CASCADE_CHAINS    ; ON             ; AUTO_CASCADE                                 ;
; IGNORE_CASCADE_BUFFERS ; OFF            ; IGNORE_CASCADE                               ;
+------------------------+----------------+----------------------------------------------+
Note: In order to hide this table in the UI and the text report file, please set the "Show Parameter Settings in Synthesis Report" option in "Analysis and Synthesis Settings -> More Settings" to "Off".


+-----------------------------------------------------------------------------------------------------------------+
; Port Connectivity Checks: "Diferenciador:DIF|Sub_Adder:RESTADOR"                                                ;
+-------+--------+----------+-------------------------------------------------------------------------------------+
; Port  ; Type   ; Severity ; Details                                                                             ;
+-------+--------+----------+-------------------------------------------------------------------------------------+
; sel   ; Input  ; Info     ; Stuck at VCC                                                                        ;
; r[32] ; Output ; Info     ; Connected to dangling logic. Logic that only feeds a dangling port will be removed. ;
+-------+--------+----------+-------------------------------------------------------------------------------------+


+-----------------------------------------------------------------------------------------------------------------------+
; Port Connectivity Checks: "Diferenciador:DIF|contador_uni:TIMER"                                                      ;
+-------------+--------+----------+-------------------------------------------------------------------------------------+
; Port        ; Type   ; Severity ; Details                                                                             ;
+-------------+--------+----------+-------------------------------------------------------------------------------------+
; ena         ; Input  ; Info     ; Stuck at VCC                                                                        ;
; syn_clr     ; Input  ; Info     ; Stuck at GND                                                                        ;
; ini         ; Input  ; Info     ; Stuck at GND                                                                        ;
; up          ; Input  ; Info     ; Stuck at VCC                                                                        ;
; max[20..17] ; Input  ; Info     ; Stuck at VCC                                                                        ;
; max[6..5]   ; Input  ; Info     ; Stuck at VCC                                                                        ;
; max[14..12] ; Input  ; Info     ; Stuck at GND                                                                        ;
; max[8..7]   ; Input  ; Info     ; Stuck at GND                                                                        ;
; max[4..1]   ; Input  ; Info     ; Stuck at GND                                                                        ;
; max[16]     ; Input  ; Info     ; Stuck at GND                                                                        ;
; max[15]     ; Input  ; Info     ; Stuck at VCC                                                                        ;
; max[11]     ; Input  ; Info     ; Stuck at VCC                                                                        ;
; max[10]     ; Input  ; Info     ; Stuck at GND                                                                        ;
; max[9]      ; Input  ; Info     ; Stuck at VCC                                                                        ;
; max[0]      ; Input  ; Info     ; Stuck at VCC                                                                        ;
; counter     ; Output ; Info     ; Connected to dangling logic. Logic that only feeds a dangling port will be removed. ;
+-------------+--------+----------+-------------------------------------------------------------------------------------+


+----------------------------------------------------------------------------------------------------------------------+
; Port Connectivity Checks: "contador_uni:CONTADOR_POS"                                                                ;
+------------+--------+----------+-------------------------------------------------------------------------------------+
; Port       ; Type   ; Severity ; Details                                                                             ;
+------------+--------+----------+-------------------------------------------------------------------------------------+
; syn_clr    ; Input  ; Info     ; Stuck at GND                                                                        ;
; ini[30..0] ; Input  ; Info     ; Stuck at GND                                                                        ;
; ini[31]    ; Input  ; Info     ; Stuck at VCC                                                                        ;
; max        ; Input  ; Info     ; Stuck at VCC                                                                        ;
; max_tick   ; Output ; Info     ; Connected to dangling logic. Logic that only feeds a dangling port will be removed. ;
+------------+--------+----------+-------------------------------------------------------------------------------------+


+--------------------------------------------------+
; Port Connectivity Checks: "Flip_Flop_D_RE:FF_B2" ;
+------+-------+----------+------------------------+
; Port ; Type  ; Severity ; Details                ;
+------+-------+----------+------------------------+
; ena  ; Input ; Info     ; Stuck at VCC           ;
+------+-------+----------+------------------------+


+--------------------------------------------------+
; Port Connectivity Checks: "Flip_Flop_D_RE:FF_B1" ;
+------+-------+----------+------------------------+
; Port ; Type  ; Severity ; Details                ;
+------+-------+----------+------------------------+
; ena  ; Input ; Info     ; Stuck at VCC           ;
+------+-------+----------+------------------------+


+--------------------------------------------------+
; Port Connectivity Checks: "Flip_Flop_D_RE:FF_A2" ;
+------+-------+----------+------------------------+
; Port ; Type  ; Severity ; Details                ;
+------+-------+----------+------------------------+
; ena  ; Input ; Info     ; Stuck at VCC           ;
+------+-------+----------+------------------------+


+--------------------------------------------------+
; Port Connectivity Checks: "Flip_Flop_D_RE:FF_A1" ;
+------+-------+----------+------------------------+
; Port ; Type  ; Severity ; Details                ;
+------+-------+----------+------------------------+
; ena  ; Input ; Info     ; Stuck at VCC           ;
+------+-------+----------+------------------------+


+-------------------------------+
; Elapsed Time Per Partition    ;
+----------------+--------------+
; Partition Name ; Elapsed Time ;
+----------------+--------------+
; Top            ; 00:00:00     ;
+----------------+--------------+


+-------------------------------+
; Analysis & Synthesis Messages ;
+-------------------------------+
Info: *******************************************************************
Info: Running Quartus II 64-Bit Analysis & Synthesis
    Info: Version 13.0.1 Build 232 06/12/2013 Service Pack 1 SJ Web Edition
    Info: Processing started: Sat Jun 06 13:22:18 2026
Info: Command: quartus_map --read_settings_files=on --write_settings_files=off Encoder_velocidad -c Encoder_velocidad
Warning (20028): Parallel compilation is not licensed and has been disabled
Info (12021): Found 2 design units, including 1 entities, in source file flip_flop_d_re.vhd
    Info (12022): Found design unit 1: Flip_Flop_D_RE-rtl
    Info (12023): Found entity 1: Flip_Flop_D_RE
Info (12021): Found 2 design units, including 1 entities, in source file contador_uni.vhd
    Info (12022): Found design unit 1: contador_uni-rtl
    Info (12023): Found entity 1: contador_uni
Info (12021): Found 2 design units, including 1 entities, in source file decoder_quadratura.vhd
    Info (12022): Found design unit 1: decoder_quadratura-rtl
    Info (12023): Found entity 1: decoder_quadratura
Info (12021): Found 2 design units, including 1 entities, in source file tb_decoder_quadratura.vhd
    Info (12022): Found design unit 1: tb_decoder_quadratura-sim
    Info (12023): Found entity 1: tb_decoder_quadratura
Info (12021): Found 2 design units, including 1 entities, in source file register_n_bits.vhd
    Info (12022): Found design unit 1: REGISTER_N_BITS-rtl
    Info (12023): Found entity 1: REGISTER_N_BITS
Info (12021): Found 2 design units, including 1 entities, in source file fulladder.vhd
    Info (12022): Found design unit 1: FullAdder-operationArch
    Info (12023): Found entity 1: FullAdder
Info (12021): Found 2 design units, including 1 entities, in source file sub_adder.vhd
    Info (12022): Found design unit 1: Sub_Adder-structure
    Info (12023): Found entity 1: Sub_Adder
Info (12021): Found 2 design units, including 1 entities, in source file diferenciador.vhd
    Info (12022): Found design unit 1: Diferenciador-rtl
    Info (12023): Found entity 1: Diferenciador
Info (12021): Found 2 design units, including 1 entities, in source file tb_diferenciador.vhd
    Info (12022): Found design unit 1: tb_Diferenciador-sim
    Info (12023): Found entity 1: tb_Diferenciador
Info (12021): Found 2 design units, including 1 entities, in source file encoder_completo.vhd
    Info (12022): Found design unit 1: Encoder_Completo-rtl
    Info (12023): Found entity 1: Encoder_Completo
Info (12021): Found 2 design units, including 1 entities, in source file tb_encoder_completo.vhd
    Info (12022): Found design unit 1: tb_Encoder_Completo-sim
    Info (12023): Found entity 1: tb_Encoder_Completo
Info (12021): Found 2 design units, including 1 entities, in source file deltap_a_rpm.vhd
    Info (12022): Found design unit 1: DeltaP_a_RPM-rtl
    Info (12023): Found entity 1: DeltaP_a_RPM
Info (12127): Elaborating entity "Encoder_Completo" for the top level hierarchy
Info (12128): Elaborating entity "Flip_Flop_D_RE" for hierarchy "Flip_Flop_D_RE:FF_A1"
Info (12128): Elaborating entity "decoder_quadratura" for hierarchy "decoder_quadratura:FSM"
Info (12128): Elaborating entity "contador_uni" for hierarchy "contador_uni:CONTADOR_POS"
Info (12128): Elaborating entity "Diferenciador" for hierarchy "Diferenciador:DIF"
Info (12128): Elaborating entity "contador_uni" for hierarchy "Diferenciador:DIF|contador_uni:TIMER"
Info (12128): Elaborating entity "REGISTER_N_BITS" for hierarchy "Diferenciador:DIF|REGISTER_N_BITS:REG_POS_ANT"
Info (12128): Elaborating entity "Sub_Adder" for hierarchy "Diferenciador:DIF|Sub_Adder:RESTADOR"
Info (12128): Elaborating entity "FullAdder" for hierarchy "Diferenciador:DIF|Sub_Adder:RESTADOR|FullAdder:\GEN_FA:0:FA"
Info (12128): Elaborating entity "DeltaP_a_RPM" for hierarchy "DeltaP_a_RPM:RPM_CALC"
Info (278001): Inferred 1 megafunctions from design logic
    Info (278004): Inferred divider/modulo megafunction ("lpm_divide") from the following logic: "DeltaP_a_RPM:RPM_CALC|Div0"
Info (12130): Elaborated megafunction instantiation "DeltaP_a_RPM:RPM_CALC|lpm_divide:Div0"
Info (12133): Instantiated megafunction "DeltaP_a_RPM:RPM_CALC|lpm_divide:Div0" with the following parameter:
    Info (12134): Parameter "LPM_WIDTHN" = "31"
    Info (12134): Parameter "LPM_WIDTHD" = "7"
    Info (12134): Parameter "LPM_NREPRESENTATION" = "UNSIGNED"
    Info (12134): Parameter "LPM_DREPRESENTATION" = "UNSIGNED"
Info (12021): Found 1 design units, including 1 entities, in source file db/lpm_divide_phm.tdf
    Info (12023): Found entity 1: lpm_divide_phm
Info (12021): Found 1 design units, including 1 entities, in source file db/sign_div_unsign_qlh.tdf
    Info (12023): Found entity 1: sign_div_unsign_qlh
Info (12021): Found 1 design units, including 1 entities, in source file db/alt_u_div_v5f.tdf
    Info (12023): Found entity 1: alt_u_div_v5f
Info (12021): Found 1 design units, including 1 entities, in source file db/add_sub_unc.tdf
    Info (12023): Found entity 1: add_sub_unc
Info (12021): Found 1 design units, including 1 entities, in source file db/add_sub_vnc.tdf
    Info (12023): Found entity 1: add_sub_vnc
Info (286030): Timing-Driven Synthesis is running
Info (17049): 3 registers lost all their fanouts during netlist optimizations.
Info (16010): Generating hard_block partition "hard_block:auto_generated_inst"
    Info (16011): Adding 0 node(s), including 0 DDIO, 0 PLL, 0 transceiver and 0 LCELL
Info (21057): Implemented 724 device resources after synthesis - the final resource count might be different
    Info (21058): Implemented 4 input pins
    Info (21059): Implemented 49 output pins
    Info (21061): Implemented 671 logic cells
Info: Quartus II 64-Bit Analysis & Synthesis was successful. 0 errors, 1 warning
    Info: Peak virtual memory: 4651 megabytes
    Info: Processing ended: Sat Jun 06 13:22:20 2026
    Info: Elapsed time: 00:00:02
    Info: Total CPU time (on all processors): 00:00:02


