Analysis & Synthesis report for Pruebas_PWM
Sat Jun 06 13:18:23 2026
Quartus II 64-Bit Version 13.0.1 Build 232 06/12/2013 Service Pack 1 SJ Web Edition


---------------------
; Table of Contents ;
---------------------
  1. Legal Notice
  2. Analysis & Synthesis Summary
  3. Analysis & Synthesis Settings
  4. Parallel Compilation
  5. Analysis & Synthesis Source Files Read
  6. Analysis & Synthesis Resource Usage Summary
  7. Analysis & Synthesis Resource Utilization by Entity
  8. General Register Statistics
  9. Multiplexer Restructuring Statistics (Restructuring Performed)
 10. Parameter Settings for User Entity Instance: Complement_TWO:COMPLEMENTO_DOS
 11. Parameter Settings for User Entity Instance: contador_uni:DIVISOR_FRECUENCIA
 12. Parameter Settings for User Entity Instance: contador_uni:CONTADOR_PWM
 13. Parameter Settings for User Entity Instance: REGISTER_N_BITS:REGISTRO_PWM
 14. Parameter Settings for User Entity Instance: nbitComparator:COMPARADOR_PWM
 15. Port Connectivity Checks: "nbitComparator:COMPARADOR_PWM"
 16. Port Connectivity Checks: "REGISTER_N_BITS:REGISTRO_PWM"
 17. Port Connectivity Checks: "contador_uni:CONTADOR_PWM"
 18. Port Connectivity Checks: "contador_uni:DIVISOR_FRECUENCIA"
 19. Elapsed Time Per Partition
 20. Analysis & Synthesis Messages



----------------
; Legal Notice ;
----------------
Copyright (C) 1991-2013 Altera Corporation
Your use of Altera Corporation's design tools, logic functions 
and other software and tools, and its AMPP partner logic 
functions, and any output files from any of the foregoing 
(including device programming or simulation files), and any 
associated documentation or information are expressly subject 
to the terms and conditions of the Altera Program License 
Subscription Agreement, Altera MegaCore Function License 
Agreement, or other applicable license agreement, including, 
without limitation, that your use is for the sole purpose of 
programming logic devices manufactured by Altera and sold by 
Altera or its authorized distributors.  Please refer to the 
applicable agreement for further details.



+--------------------------------------------------------------------------------------+
; Analysis & Synthesis Summary                                                         ;
+------------------------------------+-------------------------------------------------+
; Analysis & Synthesis Status        ; Successful - Sat Jun 06 13:18:23 2026           ;
; Quartus II 64-Bit Version          ; 13.0.1 Build 232 06/12/2013 SP 1 SJ Web Edition ;
; Revision Name                      ; Pruebas_PWM                                     ;
; Top-level Entity Name              ; PWM_MOTOR_CONTROLLER                            ;
; Family                             ; Cyclone III                                     ;
; Total logic elements               ; 37                                              ;
;     Total combinational functions  ; 36                                              ;
;     Dedicated logic registers      ; 20                                              ;
; Total registers                    ; 20                                              ;
; Total pins                         ; 13                                              ;
; Total virtual pins                 ; 0                                               ;
; Total memory bits                  ; 0                                               ;
; Embedded Multiplier 9-bit elements ; 0                                               ;
; Total PLLs                         ; 0                                               ;
+------------------------------------+-------------------------------------------------+


+------------------------------------------------------------------------------------------------------------------------+
; Analysis & Synthesis Settings                                                                                          ;
+----------------------------------------------------------------------------+----------------------+--------------------+
; Option                                                                     ; Setting              ; Default Value      ;
+----------------------------------------------------------------------------+----------------------+--------------------+
; Device                                                                     ; EP3C16F484C6         ;                    ;
; Top-level entity name                                                      ; PWM_MOTOR_CONTROLLER ; Pruebas_PWM        ;
; Family name                                                                ; Cyclone III          ; Cyclone IV GX      ;
; Use smart compilation                                                      ; Off                  ; Off                ;
; Enable parallel Assembler and TimeQuest Timing Analyzer during compilation ; On                   ; On                 ;
; Enable compact report table                                                ; Off                  ; Off                ;
; Restructure Multiplexers                                                   ; Auto                 ; Auto               ;
; Create Debugging Nodes for IP Cores                                        ; Off                  ; Off                ;
; Preserve fewer node names                                                  ; On                   ; On                 ;
; Disable OpenCore Plus hardware evaluation                                  ; Off                  ; Off                ;
; Verilog Version                                                            ; Verilog_2001         ; Verilog_2001       ;
; VHDL Version                                                               ; VHDL_1993            ; VHDL_1993          ;
; State Machine Processing                                                   ; Auto                 ; Auto               ;
; Safe State Machine                                                         ; Off                  ; Off                ;
; Extract Verilog State Machines                                             ; On                   ; On                 ;
; Extract VHDL State Machines                                                ; On                   ; On                 ;
; Ignore Verilog initial constructs                                          ; Off                  ; Off                ;
; Iteration limit for constant Verilog loops                                 ; 5000                 ; 5000               ;
; Iteration limit for non-constant Verilog loops                             ; 250                  ; 250                ;
; Add Pass-Through Logic to Inferred RAMs                                    ; On                   ; On                 ;
; Infer RAMs from Raw Logic                                                  ; On                   ; On                 ;
; Parallel Synthesis                                                         ; On                   ; On                 ;
; DSP Block Balancing                                                        ; Auto                 ; Auto               ;
; NOT Gate Push-Back                                                         ; On                   ; On                 ;
; Power-Up Don't Care                                                        ; On                   ; On                 ;
; Remove Redundant Logic Cells                                               ; Off                  ; Off                ;
; Remove Duplicate Registers                                                 ; On                   ; On                 ;
; Ignore CARRY Buffers                                                       ; Off                  ; Off                ;
; Ignore CASCADE Buffers                                                     ; Off                  ; Off                ;
; Ignore GLOBAL Buffers                                                      ; Off                  ; Off                ;
; Ignore ROW GLOBAL Buffers                                                  ; Off                  ; Off                ;
; Ignore LCELL Buffers                                                       ; Off                  ; Off                ;
; Ignore SOFT Buffers                                                        ; On                   ; On                 ;
; Limit AHDL Integers to 32 Bits                                             ; Off                  ; Off                ;
; Optimization Technique                                                     ; Balanced             ; Balanced           ;
; Carry Chain Length                                                         ; 70                   ; 70                 ;
; Auto Carry Chains                                                          ; On                   ; On                 ;
; Auto Open-Drain Pins                                                       ; On                   ; On                 ;
; Perform WYSIWYG Primitive Resynthesis                                      ; Off                  ; Off                ;
; Auto ROM Replacement                                                       ; On                   ; On                 ;
; Auto RAM Replacement                                                       ; On                   ; On                 ;
; Auto DSP Block Replacement                                                 ; On                   ; On                 ;
; Auto Shift Register Replacement                                            ; Auto                 ; Auto               ;
; Allow Shift Register Merging across Hierarchies                            ; Auto                 ; Auto               ;
; Auto Clock Enable Replacement                                              ; On                   ; On                 ;
; Strict RAM Replacement                                                     ; Off                  ; Off                ;
; Allow Synchronous Control Signals                                          ; On                   ; On                 ;
; Force Use of Synchronous Clear Signals                                     ; Off                  ; Off                ;
; Auto RAM Block Balancing                                                   ; On                   ; On                 ;
; Auto RAM to Logic Cell Conversion                                          ; Off                  ; Off                ;
; Auto Resource Sharing                                                      ; Off                  ; Off                ;
; Allow Any RAM Size For Recognition                                         ; Off                  ; Off                ;
; Allow Any ROM Size For Recognition                                         ; Off                  ; Off                ;
; Allow Any Shift Register Size For Recognition                              ; Off                  ; Off                ;
; Use LogicLock Constraints during Resource Balancing                        ; On                   ; On                 ;
; Ignore translate_off and synthesis_off directives                          ; Off                  ; Off                ;
; Timing-Driven Synthesis                                                    ; On                   ; On                 ;
; Report Parameter Settings                                                  ; On                   ; On                 ;
; Report Source Assignments                                                  ; On                   ; On                 ;
; Report Connectivity Checks                                                 ; On                   ; On                 ;
; Ignore Maximum Fan-Out Assignments                                         ; Off                  ; Off                ;
; Synchronization Register Chain Length                                      ; 2                    ; 2                  ;
; PowerPlay Power Optimization                                               ; Normal compilation   ; Normal compilation ;
; HDL message level                                                          ; Level2               ; Level2             ;
; Suppress Register Optimization Related Messages                            ; Off                  ; Off                ;
; Number of Removed Registers Reported in Synthesis Report                   ; 5000                 ; 5000               ;
; Number of Swept Nodes Reported in Synthesis Report                         ; 5000                 ; 5000               ;
; Number of Inverted Registers Reported in Synthesis Report                  ; 100                  ; 100                ;
; Clock MUX Protection                                                       ; On                   ; On                 ;
; Auto Gated Clock Conversion                                                ; Off                  ; Off                ;
; Block Design Naming                                                        ; Auto                 ; Auto               ;
; SDC constraint protection                                                  ; Off                  ; Off                ;
; Synthesis Effort                                                           ; Auto                 ; Auto               ;
; Shift Register Replacement - Allow Asynchronous Clear Signal               ; On                   ; On                 ;
; Pre-Mapping Resynthesis Optimization                                       ; Off                  ; Off                ;
; Analysis & Synthesis Message Level                                         ; Medium               ; Medium             ;
; Disable Register Merging Across Hierarchies                                ; Auto                 ; Auto               ;
; Resource Aware Inference For Block RAM                                     ; On                   ; On                 ;
; Synthesis Seed                                                             ; 1                    ; 1                  ;
+----------------------------------------------------------------------------+----------------------+--------------------+


Parallel compilation was disabled, but you have multiple processors available. Enable parallel compilation to reduce compilation time.
+-------------------------------------+
; Parallel Compilation                ;
+----------------------------+--------+
; Processors                 ; Number ;
+----------------------------+--------+
; Number detected on machine ; 12     ;
; Maximum allowed            ; 1      ;
+----------------------------+--------+


+----------------------------------------------------------------------------------------------------------------------------------------------------------------------------+
; Analysis & Synthesis Source Files Read                                                                                                                                     ;
+----------------------------------+-----------------+-----------------+-------------------------------------------------------------------------------------------+---------+
; File Name with User-Entered Path ; Used in Netlist ; File Type       ; File Name with Absolute Path                                                              ; Library ;
+----------------------------------+-----------------+-----------------+-------------------------------------------------------------------------------------------+---------+
; Complement_TWO.vhd               ; yes             ; User VHDL File  ; C:/Users/jleon/Downloads/DIGICORE-X_v2/DIGICORE-X_v2/Pruebas_PWM/Complement_TWO.vhd       ;         ;
; nbitComparator.vhd               ; yes             ; User VHDL File  ; C:/Users/jleon/Downloads/DIGICORE-X_v2/DIGICORE-X_v2/Pruebas_PWM/nbitComparator.vhd       ;         ;
; contador_uni.vhd                 ; yes             ; User VHDL File  ; C:/Users/jleon/Downloads/DIGICORE-X_v2/DIGICORE-X_v2/Pruebas_PWM/contador_uni.vhd         ;         ;
; Flip_Flop_D_RE.vhd               ; yes             ; User VHDL File  ; C:/Users/jleon/Downloads/DIGICORE-X_v2/DIGICORE-X_v2/Pruebas_PWM/Flip_Flop_D_RE.vhd       ;         ;
; REGISTER_N_BITS.vhd              ; yes             ; User VHDL File  ; C:/Users/jleon/Downloads/DIGICORE-X_v2/DIGICORE-X_v2/Pruebas_PWM/REGISTER_N_BITS.vhd      ;         ;
; Mux2_1_Nine_Bit.vhd              ; yes             ; User VHDL File  ; C:/Users/jleon/Downloads/DIGICORE-X_v2/DIGICORE-X_v2/Pruebas_PWM/Mux2_1_Nine_Bit.vhd      ;         ;
; demux1_2gates.vhd                ; yes             ; User VHDL File  ; C:/Users/jleon/Downloads/DIGICORE-X_v2/DIGICORE-X_v2/Pruebas_PWM/demux1_2gates.vhd        ;         ;
; PWM_MOTOR_CONTROLLER.vhd         ; yes             ; User VHDL File  ; C:/Users/jleon/Downloads/DIGICORE-X_v2/DIGICORE-X_v2/Pruebas_PWM/PWM_MOTOR_CONTROLLER.vhd ;         ;
+----------------------------------+-----------------+-----------------+-------------------------------------------------------------------------------------------+---------+


+---------------------------------------------------------+
; Analysis & Synthesis Resource Usage Summary             ;
+---------------------------------------------+-----------+
; Resource                                    ; Usage     ;
+---------------------------------------------+-----------+
; Estimated Total logic elements              ; 37        ;
;                                             ;           ;
; Total combinational functions               ; 36        ;
; Logic element usage by number of LUT inputs ;           ;
;     -- 4 input functions                    ; 10        ;
;     -- 3 input functions                    ; 13        ;
;     -- <=2 input functions                  ; 13        ;
;                                             ;           ;
; Logic elements by mode                      ;           ;
;     -- normal mode                          ; 22        ;
;     -- arithmetic mode                      ; 14        ;
;                                             ;           ;
; Total registers                             ; 20        ;
;     -- Dedicated logic registers            ; 20        ;
;     -- I/O registers                        ; 0         ;
;                                             ;           ;
; I/O pins                                    ; 13        ;
; Embedded Multiplier 9-bit elements          ; 0         ;
; Maximum fan-out node                        ; CLK~input ;
; Maximum fan-out                             ; 20        ;
; Total fan-out                               ; 202       ;
; Average fan-out                             ; 2.46      ;
+---------------------------------------------+-----------+


+-----------------------------------------------------------------------------------------------------------------------------------------------------------------------------------------------------------------------------------------------------+
; Analysis & Synthesis Resource Utilization by Entity                                                                                                                                                                                                 ;
+---------------------------------------+-------------------+--------------+-------------+--------------+---------+-----------+------+--------------+----------------------------------------------------------------------------------+--------------+
; Compilation Hierarchy Node            ; LC Combinationals ; LC Registers ; Memory Bits ; DSP Elements ; DSP 9x9 ; DSP 18x18 ; Pins ; Virtual Pins ; Full Hierarchy Name                                                              ; Library Name ;
+---------------------------------------+-------------------+--------------+-------------+--------------+---------+-----------+------+--------------+----------------------------------------------------------------------------------+--------------+
; |PWM_MOTOR_CONTROLLER                 ; 36 (0)            ; 20 (0)       ; 0           ; 0            ; 0       ; 0         ; 13   ; 0            ; |PWM_MOTOR_CONTROLLER                                                            ; work         ;
;    |Complement_TWO:COMPLEMENTO_DOS|   ; 3 (3)             ; 0 (0)        ; 0           ; 0            ; 0       ; 0         ; 0    ; 0            ; |PWM_MOTOR_CONTROLLER|Complement_TWO:COMPLEMENTO_DOS                             ; work         ;
;    |Mux2_1_Nine_Bit:MUX_POTENCIA|     ; 7 (7)             ; 0 (0)        ; 0           ; 0            ; 0       ; 0         ; 0    ; 0            ; |PWM_MOTOR_CONTROLLER|Mux2_1_Nine_Bit:MUX_POTENCIA                               ; work         ;
;    |REGISTER_N_BITS:REGISTRO_PWM|     ; 0 (0)             ; 8 (0)        ; 0           ; 0            ; 0       ; 0         ; 0    ; 0            ; |PWM_MOTOR_CONTROLLER|REGISTER_N_BITS:REGISTRO_PWM                               ; work         ;
;       |Flip_Flop_D_RE:\GEN_BITS:0:FF| ; 0 (0)             ; 1 (1)        ; 0           ; 0            ; 0       ; 0         ; 0    ; 0            ; |PWM_MOTOR_CONTROLLER|REGISTER_N_BITS:REGISTRO_PWM|Flip_Flop_D_RE:\GEN_BITS:0:FF ; work         ;
;       |Flip_Flop_D_RE:\GEN_BITS:1:FF| ; 0 (0)             ; 1 (1)        ; 0           ; 0            ; 0       ; 0         ; 0    ; 0            ; |PWM_MOTOR_CONTROLLER|REGISTER_N_BITS:REGISTRO_PWM|Flip_Flop_D_RE:\GEN_BITS:1:FF ; work         ;
;       |Flip_Flop_D_RE:\GEN_BITS:2:FF| ; 0 (0)             ; 1 (1)        ; 0           ; 0            ; 0       ; 0         ; 0    ; 0            ; |PWM_MOTOR_CONTROLLER|REGISTER_N_BITS:REGISTRO_PWM|Flip_Flop_D_RE:\GEN_BITS:2:FF ; work         ;
;       |Flip_Flop_D_RE:\GEN_BITS:3:FF| ; 0 (0)             ; 1 (1)        ; 0           ; 0            ; 0       ; 0         ; 0    ; 0            ; |PWM_MOTOR_CONTROLLER|REGISTER_N_BITS:REGISTRO_PWM|Flip_Flop_D_RE:\GEN_BITS:3:FF ; work         ;
;       |Flip_Flop_D_RE:\GEN_BITS:4:FF| ; 0 (0)             ; 1 (1)        ; 0           ; 0            ; 0       ; 0         ; 0    ; 0            ; |PWM_MOTOR_CONTROLLER|REGISTER_N_BITS:REGISTRO_PWM|Flip_Flop_D_RE:\GEN_BITS:4:FF ; work         ;
;       |Flip_Flop_D_RE:\GEN_BITS:5:FF| ; 0 (0)             ; 1 (1)        ; 0           ; 0            ; 0       ; 0         ; 0    ; 0            ; |PWM_MOTOR_CONTROLLER|REGISTER_N_BITS:REGISTRO_PWM|Flip_Flop_D_RE:\GEN_BITS:5:FF ; work         ;
;       |Flip_Flop_D_RE:\GEN_BITS:6:FF| ; 0 (0)             ; 1 (1)        ; 0           ; 0            ; 0       ; 0         ; 0    ; 0            ; |PWM_MOTOR_CONTROLLER|REGISTER_N_BITS:REGISTRO_PWM|Flip_Flop_D_RE:\GEN_BITS:6:FF ; work         ;
;       |Flip_Flop_D_RE:\GEN_BITS:7:FF| ; 0 (0)             ; 1 (1)        ; 0           ; 0            ; 0       ; 0         ; 0    ; 0            ; |PWM_MOTOR_CONTROLLER|REGISTER_N_BITS:REGISTRO_PWM|Flip_Flop_D_RE:\GEN_BITS:7:FF ; work         ;
;    |contador_uni:CONTADOR_PWM|        ; 11 (11)           ; 8 (8)        ; 0           ; 0            ; 0       ; 0         ; 0    ; 0            ; |PWM_MOTOR_CONTROLLER|contador_uni:CONTADOR_PWM                                  ; work         ;
;    |contador_uni:DIVISOR_FRECUENCIA|  ; 5 (5)             ; 4 (4)        ; 0           ; 0            ; 0       ; 0         ; 0    ; 0            ; |PWM_MOTOR_CONTROLLER|contador_uni:DIVISOR_FRECUENCIA                            ; work         ;
;    |demux1_2gates:DEMUX_MOTOR|        ; 2 (2)             ; 0 (0)        ; 0           ; 0            ; 0       ; 0         ; 0    ; 0            ; |PWM_MOTOR_CONTROLLER|demux1_2gates:DEMUX_MOTOR                                  ; work         ;
;    |nbitComparator:COMPARADOR_PWM|    ; 8 (8)             ; 0 (0)        ; 0           ; 0            ; 0       ; 0         ; 0    ; 0            ; |PWM_MOTOR_CONTROLLER|nbitComparator:COMPARADOR_PWM                              ; work         ;
+---------------------------------------+-------------------+--------------+-------------+--------------+---------+-----------+------+--------------+----------------------------------------------------------------------------------+--------------+
Note: For table entries with two numbers listed, the numbers in parentheses indicate the number of resources of the given type used by the specific entity alone. The numbers listed outside of parentheses indicate the total resources of the given type used by the specific entity and all of its sub-entities in the hierarchy.


+------------------------------------------------------+
; General Register Statistics                          ;
+----------------------------------------------+-------+
; Statistic                                    ; Value ;
+----------------------------------------------+-------+
; Total registers                              ; 20    ;
; Number of registers using Synchronous Clear  ; 8     ;
; Number of registers using Synchronous Load   ; 0     ;
; Number of registers using Asynchronous Clear ; 20    ;
; Number of registers using Asynchronous Load  ; 0     ;
; Number of registers using Clock Enable       ; 16    ;
; Number of registers using Preset             ; 0     ;
+----------------------------------------------+-------+


+-----------------------------------------------------------------------------------------------------------------------------------------------------------------------+
; Multiplexer Restructuring Statistics (Restructuring Performed)                                                                                                        ;
+--------------------+-----------+---------------+----------------------+------------------------+------------+---------------------------------------------------------+
; Multiplexer Inputs ; Bus Width ; Baseline Area ; Area if Restructured ; Saving if Restructured ; Registered ; Example Multiplexer Output                              ;
+--------------------+-----------+---------------+----------------------+------------------------+------------+---------------------------------------------------------+
; 3:1                ; 8 bits    ; 16 LEs        ; 8 LEs                ; 8 LEs                  ; Yes        ; |PWM_MOTOR_CONTROLLER|contador_uni:CONTADOR_PWM|temp[7] ;
+--------------------+-----------+---------------+----------------------+------------------------+------------+---------------------------------------------------------+


+-----------------------------------------------------------------------------+
; Parameter Settings for User Entity Instance: Complement_TWO:COMPLEMENTO_DOS ;
+----------------+-------+----------------------------------------------------+
; Parameter Name ; Value ; Type                                               ;
+----------------+-------+----------------------------------------------------+
; max_width      ; 9     ; Signed Integer                                     ;
+----------------+-------+----------------------------------------------------+
Note: In order to hide this table in the UI and the text report file, please set the "Show Parameter Settings in Synthesis Report" option in "Analysis and Synthesis Settings -> More Settings" to "Off".


+------------------------------------------------------------------------------+
; Parameter Settings for User Entity Instance: contador_uni:DIVISOR_FRECUENCIA ;
+----------------+-------+-----------------------------------------------------+
; Parameter Name ; Value ; Type                                                ;
+----------------+-------+-----------------------------------------------------+
; n              ; 4     ; Signed Integer                                      ;
+----------------+-------+-----------------------------------------------------+
Note: In order to hide this table in the UI and the text report file, please set the "Show Parameter Settings in Synthesis Report" option in "Analysis and Synthesis Settings -> More Settings" to "Off".


+------------------------------------------------------------------------+
; Parameter Settings for User Entity Instance: contador_uni:CONTADOR_PWM ;
+----------------+-------+-----------------------------------------------+
; Parameter Name ; Value ; Type                                          ;
+----------------+-------+-----------------------------------------------+
; n              ; 8     ; Signed Integer                                ;
+----------------+-------+-----------------------------------------------+
Note: In order to hide this table in the UI and the text report file, please set the "Show Parameter Settings in Synthesis Report" option in "Analysis and Synthesis Settings -> More Settings" to "Off".


+---------------------------------------------------------------------------+
; Parameter Settings for User Entity Instance: REGISTER_N_BITS:REGISTRO_PWM ;
+----------------+-------+--------------------------------------------------+
; Parameter Name ; Value ; Type                                             ;
+----------------+-------+--------------------------------------------------+
; max_width      ; 9     ; Signed Integer                                   ;
+----------------+-------+--------------------------------------------------+
Note: In order to hide this table in the UI and the text report file, please set the "Show Parameter Settings in Synthesis Report" option in "Analysis and Synthesis Settings -> More Settings" to "Off".


+----------------------------------------------------------------------------+
; Parameter Settings for User Entity Instance: nbitComparator:COMPARADOR_PWM ;
+----------------+-------+---------------------------------------------------+
; Parameter Name ; Value ; Type                                              ;
+----------------+-------+---------------------------------------------------+
; max_width      ; 9     ; Signed Integer                                    ;
+----------------+-------+---------------------------------------------------+
Note: In order to hide this table in the UI and the text report file, please set the "Show Parameter Settings in Synthesis Report" option in "Analysis and Synthesis Settings -> More Settings" to "Off".


+----------------------------------------------------------------------------------------------------------------+
; Port Connectivity Checks: "nbitComparator:COMPARADOR_PWM"                                                      ;
+------+--------+----------+-------------------------------------------------------------------------------------+
; Port ; Type   ; Severity ; Details                                                                             ;
+------+--------+----------+-------------------------------------------------------------------------------------+
; x[8] ; Input  ; Info     ; Stuck at GND                                                                        ;
; y[8] ; Input  ; Info     ; Stuck at GND                                                                        ;
; eq   ; Output ; Info     ; Connected to dangling logic. Logic that only feeds a dangling port will be removed. ;
; lg   ; Output ; Info     ; Connected to dangling logic. Logic that only feeds a dangling port will be removed. ;
+------+--------+----------+-------------------------------------------------------------------------------------+


+----------------------------------------------------------------------------------------------------------------+
; Port Connectivity Checks: "REGISTER_N_BITS:REGISTRO_PWM"                                                       ;
+------+--------+----------+-------------------------------------------------------------------------------------+
; Port ; Type   ; Severity ; Details                                                                             ;
+------+--------+----------+-------------------------------------------------------------------------------------+
; q[8] ; Output ; Info     ; Connected to dangling logic. Logic that only feeds a dangling port will be removed. ;
+------+--------+----------+-------------------------------------------------------------------------------------+


+-------------------------------------------------------+
; Port Connectivity Checks: "contador_uni:CONTADOR_PWM" ;
+---------+-------+----------+--------------------------+
; Port    ; Type  ; Severity ; Details                  ;
+---------+-------+----------+--------------------------+
; syn_clr ; Input ; Info     ; Stuck at GND             ;
; ini     ; Input ; Info     ; Stuck at GND             ;
; up      ; Input ; Info     ; Stuck at VCC             ;
; max     ; Input ; Info     ; Stuck at VCC             ;
+---------+-------+----------+--------------------------+


+---------------------------------------------------------------------------------------------------------------------+
; Port Connectivity Checks: "contador_uni:DIVISOR_FRECUENCIA"                                                         ;
+-----------+--------+----------+-------------------------------------------------------------------------------------+
; Port      ; Type   ; Severity ; Details                                                                             ;
+-----------+--------+----------+-------------------------------------------------------------------------------------+
; ena       ; Input  ; Info     ; Stuck at VCC                                                                        ;
; syn_clr   ; Input  ; Info     ; Stuck at GND                                                                        ;
; ini       ; Input  ; Info     ; Stuck at GND                                                                        ;
; up        ; Input  ; Info     ; Stuck at VCC                                                                        ;
; max[2..1] ; Input  ; Info     ; Stuck at GND                                                                        ;
; max[3]    ; Input  ; Info     ; Stuck at VCC                                                                        ;
; max[0]    ; Input  ; Info     ; Stuck at VCC                                                                        ;
; counter   ; Output ; Info     ; Connected to dangling logic. Logic that only feeds a dangling port will be removed. ;
+-----------+--------+----------+-------------------------------------------------------------------------------------+


+-------------------------------+
; Elapsed Time Per Partition    ;
+----------------+--------------+
; Partition Name ; Elapsed Time ;
+----------------+--------------+
; Top            ; 00:00:00     ;
+----------------+--------------+


+-------------------------------+
; Analysis & Synthesis Messages ;
+-------------------------------+
Info: *******************************************************************
Info: Running Quartus II 64-Bit Analysis & Synthesis
    Info: Version 13.0.1 Build 232 06/12/2013 Service Pack 1 SJ Web Edition
    Info: Processing started: Sat Jun 06 13:18:21 2026
Info: Command: quartus_map --read_settings_files=on --write_settings_files=off Pruebas_PWM -c Pruebas_PWM
Warning (20028): Parallel compilation is not licensed and has been disabled
Info (12021): Found 2 design units, including 1 entities, in source file complement_two.vhd
    Info (12022): Found design unit 1: Complement_TWO-structure
    Info (12023): Found entity 1: Complement_TWO
Info (12021): Found 2 design units, including 1 entities, in source file nbitcomparator.vhd
    Info (12022): Found design unit 1: nbitComparator-gateLevel
    Info (12023): Found entity 1: nbitComparator
Info (12021): Found 2 design units, including 1 entities, in source file contador_uni.vhd
    Info (12022): Found design unit 1: contador_uni-rtl
    Info (12023): Found entity 1: contador_uni
Info (12021): Found 2 design units, including 1 entities, in source file flip_flop_d_re.vhd
    Info (12022): Found design unit 1: Flip_Flop_D_RE-rtl
    Info (12023): Found entity 1: Flip_Flop_D_RE
Info (12021): Found 2 design units, including 1 entities, in source file register_n_bits.vhd
    Info (12022): Found design unit 1: REGISTER_N_BITS-rtl
    Info (12023): Found entity 1: REGISTER_N_BITS
Info (12021): Found 2 design units, including 1 entities, in source file mux2_1_nine_bit.vhd
    Info (12022): Found design unit 1: Mux2_1_Nine_Bit-functional
    Info (12023): Found entity 1: Mux2_1_Nine_Bit
Info (12021): Found 2 design units, including 1 entities, in source file demux1_2gates.vhd
    Info (12022): Found design unit 1: demux1_2gates-gateLevel
    Info (12023): Found entity 1: demux1_2gates
Info (12021): Found 2 design units, including 1 entities, in source file pwm_motor_controller.vhd
    Info (12022): Found design unit 1: PWM_MOTOR_CONTROLLER-structure
    Info (12023): Found entity 1: PWM_MOTOR_CONTROLLER
Info (12021): Found 2 design units, including 1 entities, in source file tb_pwm_motor_controller.vhd
    Info (12022): Found design unit 1: TB_PWM_MOTOR_CONTROLLER-TB
    Info (12023): Found entity 1: TB_PWM_MOTOR_CONTROLLER
Info (12021): Found 2 design units, including 1 entities, in source file test_gpio.vhd
    Info (12022): Found design unit 1: TEST_GPIO-rtl
    Info (12023): Found entity 1: TEST_GPIO
Info (12021): Found 2 design units, including 1 entities, in source file tb_complement_two.vhd
    Info (12022): Found design unit 1: TB_COMPLEMENT_TWO-TB
    Info (12023): Found entity 1: TB_COMPLEMENT_TWO
Info (12127): Elaborating entity "PWM_MOTOR_CONTROLLER" for the top level hierarchy
Warning (10036): Verilog HDL or VHDL warning at PWM_MOTOR_CONTROLLER.vhd(21): object "cuenta_divisor" assigned a value but never read
Warning (10036): Verilog HDL or VHDL warning at PWM_MOTOR_CONTROLLER.vhd(32): object "positivo" assigned a value but never read
Warning (10036): Verilog HDL or VHDL warning at PWM_MOTOR_CONTROLLER.vhd(38): object "igual_pwm" assigned a value but never read
Warning (10036): Verilog HDL or VHDL warning at PWM_MOTOR_CONTROLLER.vhd(39): object "mayor_pwm" assigned a value but never read
Info (12128): Elaborating entity "Complement_TWO" for hierarchy "Complement_TWO:COMPLEMENTO_DOS"
Info (12128): Elaborating entity "Mux2_1_Nine_Bit" for hierarchy "Mux2_1_Nine_Bit:MUX_POTENCIA"
Info (12128): Elaborating entity "contador_uni" for hierarchy "contador_uni:DIVISOR_FRECUENCIA"
Info (12128): Elaborating entity "contador_uni" for hierarchy "contador_uni:CONTADOR_PWM"
Info (12128): Elaborating entity "REGISTER_N_BITS" for hierarchy "REGISTER_N_BITS:REGISTRO_PWM"
Info (12128): Elaborating entity "Flip_Flop_D_RE" for hierarchy "REGISTER_N_BITS:REGISTRO_PWM|Flip_Flop_D_RE:\GEN_BITS:0:FF"
Info (12128): Elaborating entity "nbitComparator" for hierarchy "nbitComparator:COMPARADOR_PWM"
Info (12128): Elaborating entity "demux1_2gates" for hierarchy "demux1_2gates:DEMUX_MOTOR"
Info (286030): Timing-Driven Synthesis is running
Info (16010): Generating hard_block partition "hard_block:auto_generated_inst"
    Info (16011): Adding 0 node(s), including 0 DDIO, 0 PLL, 0 transceiver and 0 LCELL
Info (21057): Implemented 50 device resources after synthesis - the final resource count might be different
    Info (21058): Implemented 11 input pins
    Info (21059): Implemented 2 output pins
    Info (21061): Implemented 37 logic cells
Info: Quartus II 64-Bit Analysis & Synthesis was successful. 0 errors, 5 warnings
    Info: Peak virtual memory: 4644 megabytes
    Info: Processing ended: Sat Jun 06 13:18:23 2026
    Info: Elapsed time: 00:00:02
    Info: Total CPU time (on all processors): 00:00:01


